23-07-2022 08:52:15 - INFO - Weather in Baku: 27.03°C - clear sky
23-07-2022 10:08:45 - INFO - Weather in Baku: 28.03°C - few clouds
23-07-2022 13:06:29 - INFO - Weather in Baku: 29.03°C - scattered clouds
23-07-2022 16:12:24 - INFO - Weather in Baku: 28.03°C - few clouds
23-07-2022 19:06:41 - INFO - Weather in Baku: 26.03°C - scattered clouds
23-07-2022 22:08:03 - INFO - Weather in Baku: 24.03°C - few clouds
24-07-2022 01:06:12 - INFO - Weather in Baku: 24.03°C - scattered clouds
24-07-2022 04:42:31 - INFO - Weather in Baku: 24.03°C - few clouds
24-07-2022 07:50:44 - INFO - Weather in Baku: 25.03°C - scattered clouds
24-07-2022 10:08:49 - INFO - Weather in Baku: 27.03°C - broken clouds
24-07-2022 13:06:45 - INFO - Weather in Baku: 28.03°C - few clouds
24-07-2022 16:12:02 - INFO - Weather in Baku: 26.03°C - few clouds
24-07-2022 19:06:48 - INFO - Weather in Baku: 24.03°C - scattered clouds
24-07-2022 22:08:48 - INFO - Weather in Baku: 23.03°C - scattered clouds
25-07-2022 01:06:14 - INFO - Weather in Baku: 23.03°C - broken clouds
25-07-2022 04:40:21 - INFO - Weather in Baku: 23.03°C - few clouds
25-07-2022 08:00:59 - INFO - Weather in Baku: 23.03°C - scattered clouds
25-07-2022 10:10:40 - INFO - Weather in Baku: 23.03°C - few clouds
25-07-2022 13:07:34 - INFO - Weather in Baku: 25.03°C - scattered clouds
25-07-2022 16:14:13 - INFO - Weather in Baku: 27.03°C - clear sky
25-07-2022 19:07:14 - INFO - Weather in Baku: 25.03°C - clear sky
25-07-2022 22:08:33 - INFO - Weather in Baku: 22.03°C - clear sky
26-07-2022 01:06:22 - INFO - Weather in Baku: 21.03°C - clear sky
26-07-2022 04:41:45 - INFO - Weather in Baku: 19.03°C - clear sky
26-07-2022 08:20:28 - INFO - Weather in Baku: 26.03°C - clear sky
26-07-2022 10:10:18 - INFO - Weather in Baku: 28.03°C - clear sky
26-07-2022 13:07:04 - INFO - Weather in Baku: 30.03°C - clear sky
26-07-2022 16:13:28 - INFO - Weather in Baku: 29.03°C - clear sky
26-07-2022 19:07:41 - INFO - Weather in Baku: 27.03°C - clear sky
26-07-2022 22:08:31 - INFO - Weather in Baku: 25.03°C - clear sky
27-07-2022 01:06:12 - INFO - Weather in Baku: 23.03°C - clear sky
27-07-2022 04:42:27 - INFO - Weather in Baku: 21.03°C - clear sky
27-07-2022 08:02:35 - INFO - Weather in Baku: 26.03°C - clear sky
27-07-2022 10:09:22 - INFO - Weather in Baku: 30.03°C - clear sky
27-07-2022 13:06:51 - INFO - Weather in Baku: 33.03°C - clear sky
27-07-2022 16:15:35 - INFO - Weather in Baku: 34.03°C - clear sky
27-07-2022 19:07:41 - INFO - Weather in Baku: 31.03°C - clear sky
27-07-2022 22:08:32 - INFO - Weather in Baku: 28.03°C - clear sky
28-07-2022 01:06:25 - INFO - Weather in Baku: 26.03°C - scattered clouds
28-07-2022 04:39:05 - INFO - Weather in Baku: 25.03°C - few clouds
28-07-2022 07:57:29 - INFO - Weather in Baku: 26.03°C - few clouds
28-07-2022 10:09:26 - INFO - Weather in Baku: 26.03°C - broken clouds
28-07-2022 13:06:52 - INFO - Weather in Baku: 27.03°C - broken clouds
28-07-2022 16:16:39 - INFO - Weather in Baku: 28.03°C - few clouds
28-07-2022 19:07:02 - INFO - Weather in Baku: 26.03°C - few clouds
28-07-2022 22:09:02 - INFO - Weather in Baku: 25.03°C - scattered clouds
29-07-2022 01:06:39 - INFO - Weather in Baku: 25.03°C - scattered clouds
29-07-2022 04:40:14 - INFO - Weather in Baku: 24.03°C - clear sky
29-07-2022 08:01:48 - INFO - Weather in Baku: 26.03°C - few clouds
29-07-2022 10:09:13 - INFO - Weather in Baku: 29.03°C - clear sky
29-07-2022 13:07:04 - INFO - Weather in Baku: 30.03°C - clear sky
29-07-2022 16:13:42 - INFO - Weather in Baku: 29.03°C - clear sky
29-07-2022 19:11:43 - INFO - Weather in Baku: 27.03°C - clear sky
29-07-2022 22:08:56 - INFO - Weather in Baku: 24.03°C - clear sky
30-07-2022 01:06:06 - INFO - Weather in Baku: 23.03°C - clear sky
30-07-2022 04:35:19 - INFO - Weather in Baku: 22.03°C - clear sky
30-07-2022 07:59:13 - INFO - Weather in Baku: 26.03°C - clear sky
30-07-2022 10:08:25 - INFO - Weather in Baku: 30.03°C - clear sky
30-07-2022 13:06:30 - INFO - Weather in Baku: 31.03°C - clear sky
30-07-2022 16:11:13 - INFO - Weather in Baku: 31.03°C - clear sky
30-07-2022 19:06:41 - INFO - Weather in Baku: 29.03°C - clear sky
30-07-2022 22:07:41 - INFO - Weather in Baku: 27.03°C - clear sky
31-07-2022 01:05:37 - INFO - Weather in Baku: 23.03°C - clear sky
31-07-2022 04:38:58 - INFO - Weather in Baku: 24.03°C - clear sky
31-07-2022 07:53:53 - INFO - Weather in Baku: 26.03°C - scattered clouds
31-07-2022 10:08:29 - INFO - Weather in Baku: 27.03°C - scattered clouds
31-07-2022 13:06:33 - INFO - Weather in Baku: 32.03°C - clear sky
31-07-2022 16:13:12 - INFO - Weather in Baku: 32.03°C - clear sky
31-07-2022 19:06:47 - INFO - Weather in Baku: 27.03°C - clear sky
31-07-2022 22:07:37 - INFO - Weather in Baku: 25.03°C - clear sky
01-08-2022 01:05:47 - INFO - Weather in Baku: 24.03°C - clear sky
01-08-2022 04:48:07 - INFO - Weather in Baku: 22.03°C - clear sky
01-08-2022 08:22:10 - INFO - Weather in Baku: 26.03°C - scattered clouds
01-08-2022 10:23:41 - INFO - Weather in Baku: 29.03°C - clear sky
01-08-2022 13:07:58 - INFO - Weather in Baku: 32.03°C - clear sky
01-08-2022 16:15:09 - INFO - Weather in Baku: 32.03°C - clear sky
01-08-2022 19:08:21 - INFO - Weather in Baku: 29.03°C - clear sky
01-08-2022 22:09:02 - INFO - Weather in Baku: 27.03°C - clear sky
02-08-2022 01:06:33 - INFO - Weather in Baku: 25.03°C - clear sky
02-08-2022 04:43:42 - INFO - Weather in Baku: 23.03°C - clear sky
02-08-2022 08:20:09 - INFO - Weather in Baku: 29.03°C - clear sky
02-08-2022 10:10:12 - INFO - Weather in Baku: 32.03°C - clear sky
02-08-2022 13:06:57 - INFO - Weather in Baku: 33.03°C - clear sky
02-08-2022 16:17:18 - INFO - Weather in Baku: 33.03°C - clear sky
02-08-2022 19:07:08 - INFO - Weather in Baku: 30.03°C - clear sky
02-08-2022 22:10:17 - INFO - Weather in Baku: 26.03°C - clear sky
03-08-2022 01:06:57 - INFO - Weather in Baku: 24.03°C - clear sky
03-08-2022 04:44:54 - INFO - Weather in Baku: 22.03°C - clear sky
03-08-2022 08:16:35 - INFO - Weather in Baku: 27.03°C - few clouds
03-08-2022 10:09:27 - INFO - Weather in Baku: 32.03°C - clear sky
03-08-2022 13:07:00 - INFO - Weather in Baku: 34.03°C - clear sky
03-08-2022 16:13:39 - INFO - Weather in Baku: 34.03°C - few clouds
03-08-2022 19:07:52 - INFO - Weather in Baku: 31.03°C - clear sky
03-08-2022 22:09:09 - INFO - Weather in Baku: 28.03°C - clear sky
04-08-2022 01:06:41 - INFO - Weather in Baku: 27.03°C - few clouds
04-08-2022 04:43:17 - INFO - Weather in Baku: 26.03°C - scattered clouds
04-08-2022 07:49:43 - INFO - Weather in Baku: 28.03°C - clear sky
04-08-2022 10:10:18 - INFO - Weather in Baku: 31.03°C - clear sky
04-08-2022 13:06:53 - INFO - Weather in Baku: 33.03°C - clear sky
04-08-2022 16:12:51 - INFO - Weather in Baku: 32.03°C - clear sky
04-08-2022 19:07:34 - INFO - Weather in Baku: 30.03°C - clear sky
04-08-2022 22:08:42 - INFO - Weather in Baku: 27.03°C - clear sky
05-08-2022 01:06:24 - INFO - Weather in Baku: 26.03°C - clear sky
05-08-2022 04:46:44 - INFO - Weather in Baku: 24.03°C - clear sky
05-08-2022 07:59:13 - INFO - Weather in Baku: 27.03°C - clear sky
05-08-2022 10:09:12 - INFO - Weather in Baku: 30.03°C - clear sky
05-08-2022 13:07:10 - INFO - Weather in Baku: 34.03°C - clear sky
05-08-2022 16:13:19 - INFO - Weather in Baku: 31.03°C - clear sky
05-08-2022 19:07:20 - INFO - Weather in Baku: 29.03°C - clear sky
05-08-2022 22:08:55 - INFO - Weather in Baku: 27.03°C - clear sky
06-08-2022 01:06:23 - INFO - Weather in Baku: 27.03°C - few clouds
06-08-2022 04:38:21 - INFO - Weather in Baku: 27.03°C - scattered clouds
06-08-2022 07:38:42 - INFO - Weather in Baku: 26.03°C - few clouds
06-08-2022 10:08:43 - INFO - Weather in Baku: 26.03°C - few clouds
06-08-2022 13:15:59 - INFO - Weather in Baku: 30.03°C - few clouds
06-08-2022 16:29:01 - INFO - Weather in Baku: 29.03°C - few clouds
06-08-2022 19:16:50 - INFO - Weather in Baku: 27.03°C - few clouds
06-08-2022 22:20:24 - INFO - Weather in Baku: 27.03°C - clear sky
07-08-2022 01:15:35 - INFO - Weather in Baku: 26.03°C - clear sky
07-08-2022 05:48:13 - INFO - Weather in Baku: 25.03°C - few clouds
07-08-2022 07:44:44 - INFO - Weather in Baku: 26.03°C - few clouds
07-08-2022 10:20:57 - INFO - Weather in Baku: 28.03°C - few clouds
07-08-2022 13:15:48 - INFO - Weather in Baku: 29.03°C - scattered clouds
07-08-2022 16:29:49 - INFO - Weather in Baku: 30.03°C - clear sky
07-08-2022 19:16:48 - INFO - Weather in Baku: 28.03°C - scattered clouds
07-08-2022 22:20:31 - INFO - Weather in Baku: 25.03°C - light intensity shower rain
08-08-2022 01:14:15 - INFO - Weather in Baku: 26.03°C - light intensity shower rain
08-08-2022 05:40:41 - INFO - Weather in Baku: 24.03°C - scattered clouds
08-08-2022 07:56:59 - INFO - Weather in Baku: 24.03°C - light intensity shower rain
08-08-2022 13:17:06 - INFO - Weather in Baku: 28.03°C - few clouds
08-08-2022 16:34:49 - INFO - Weather in Baku: 25.03°C - scattered clouds
08-08-2022 22:22:23 - INFO - Weather in Baku: 25.03°C - few clouds
09-08-2022 01:15:12 - INFO - Weather in Baku: 26.03°C - clear sky
09-08-2022 05:50:38 - INFO - Weather in Baku: 25.03°C - few clouds
09-08-2022 07:59:08 - INFO - Weather in Baku: 26.03°C - few clouds
09-08-2022 10:23:44 - INFO - Weather in Baku: 27.03°C - scattered clouds
09-08-2022 13:18:29 - INFO - Weather in Baku: 28.03°C - few clouds
09-08-2022 16:38:50 - INFO - Weather in Baku: 30.03°C - clear sky
09-08-2022 19:19:52 - INFO - Weather in Baku: 27.03°C - clear sky
09-08-2022 22:20:59 - INFO - Weather in Baku: 25.03°C - clear sky
10-08-2022 01:15:26 - INFO - Weather in Baku: 23.03°C - clear sky
10-08-2022 05:36:39 - INFO - Weather in Baku: 23.03°C - clear sky
10-08-2022 07:37:48 - INFO - Weather in Baku: 26.03°C - clear sky
10-08-2022 10:23:27 - INFO - Weather in Baku: 28.03°C - clear sky
10-08-2022 13:17:17 - INFO - Weather in Baku: 31.03°C - clear sky
10-08-2022 16:34:43 - INFO - Weather in Baku: 32.03°C - clear sky
10-08-2022 19:17:55 - INFO - Weather in Baku: 29.03°C - clear sky
10-08-2022 22:20:59 - INFO - Weather in Baku: 25.03°C - clear sky
11-08-2022 01:15:21 - INFO - Weather in Baku: 23.03°C - clear sky
11-08-2022 05:38:27 - INFO - Weather in Baku: 22.03°C - clear sky
11-08-2022 07:46:08 - INFO - Weather in Baku: 26.03°C - clear sky
11-08-2022 10:21:56 - INFO - Weather in Baku: 32.03°C - clear sky
11-08-2022 13:17:30 - INFO - Weather in Baku: 32.03°C - clear sky
11-08-2022 16:37:51 - INFO - Weather in Baku: 32.03°C - clear sky
11-08-2022 19:18:34 - INFO - Weather in Baku: 29.03°C - clear sky
11-08-2022 22:20:52 - INFO - Weather in Baku: 27.03°C - clear sky
12-08-2022 01:15:55 - INFO - Weather in Baku: 23.03°C - clear sky
12-08-2022 05:42:51 - INFO - Weather in Baku: 22.03°C - clear sky
12-08-2022 07:52:43 - INFO - Weather in Baku: 26.03°C - clear sky
12-08-2022 10:22:21 - INFO - Weather in Baku: 33.03°C - clear sky
12-08-2022 13:16:49 - INFO - Weather in Baku: 34.03°C - clear sky
12-08-2022 16:02:08 - INFO - Weather in Baku: 34.03°C - clear sky
12-08-2022 18:09:20 - INFO - Weather in Baku: 32.03°C - clear sky
12-08-2022 20:12:53 - INFO - Weather in Baku: 29.03°C - clear sky
12-08-2022 22:10:25 - INFO - Weather in Baku: 24.03°C - clear sky
13-08-2022 00:09:04 - INFO - Weather in Baku: 24.03°C - clear sky
13-08-2022 02:09:33 - INFO - Weather in Baku: 24.03°C - clear sky
13-08-2022 04:42:10 - INFO - Weather in Baku: 24.03°C - clear sky
13-08-2022 07:14:42 - INFO - Weather in Baku: 26.03°C - clear sky
13-08-2022 08:15:31 - INFO - Weather in Baku: 29.03°C - clear sky
13-08-2022 10:10:33 - INFO - Weather in Baku: 33.03°C - clear sky
13-08-2022 12:10:59 - INFO - Weather in Baku: 36.03°C - clear sky
13-08-2022 14:09:17 - INFO - Weather in Baku: 34.03°C - clear sky
13-08-2022 16:43:24 - INFO - Weather in Baku: 33.03°C - clear sky
13-08-2022 18:07:42 - INFO - Weather in Baku: 32.03°C - few clouds
13-08-2022 20:10:03 - INFO - Weather in Baku: 30.03°C - thunderstorm
13-08-2022 22:09:40 - INFO - Weather in Baku: 26.03°C - scattered clouds
14-08-2022 00:09:15 - INFO - Weather in Baku: 24.03°C - clear sky
14-08-2022 02:08:18 - INFO - Weather in Baku: 23.03°C - clear sky
14-08-2022 04:47:45 - INFO - Weather in Baku: 24.03°C - clear sky
14-08-2022 07:24:56 - INFO - Weather in Baku: 24.03°C - clear sky
14-08-2022 08:19:53 - INFO - Weather in Baku: 28.03°C - clear sky
14-08-2022 10:11:06 - INFO - Weather in Baku: 34.03°C - clear sky
14-08-2022 12:10:27 - INFO - Weather in Baku: 35.03°C - clear sky
14-08-2022 14:08:33 - INFO - Weather in Baku: 35.03°C - clear sky
14-08-2022 16:14:31 - INFO - Weather in Baku: 35.03°C - clear sky
14-08-2022 18:08:20 - INFO - Weather in Baku: 33.03°C - clear sky
14-08-2022 20:10:11 - INFO - Weather in Baku: 28.03°C - clear sky
14-08-2022 22:09:49 - INFO - Weather in Baku: 26.03°C - clear sky
15-08-2022 00:08:37 - INFO - Weather in Baku: 23.03°C - clear sky
15-08-2022 02:08:35 - INFO - Weather in Baku: 21.03°C - clear sky
15-08-2022 04:46:54 - INFO - Weather in Baku: 20.03°C - clear sky
15-08-2022 07:50:36 - INFO - Weather in Baku: 27.03°C - clear sky
15-08-2022 08:57:07 - INFO - Weather in Baku: 32.03°C - clear sky
15-08-2022 10:11:15 - INFO - Weather in Baku: 35.03°C - clear sky
15-08-2022 12:11:35 - INFO - Weather in Baku: 36.03°C - clear sky
15-08-2022 14:10:05 - INFO - Weather in Baku: 36.03°C - clear sky
15-08-2022 16:17:16 - INFO - Weather in Baku: 36.03°C - clear sky
15-08-2022 18:10:19 - INFO - Weather in Baku: 34.03°C - clear sky
15-08-2022 20:11:52 - INFO - Weather in Baku: 30.03°C - clear sky
15-08-2022 22:11:26 - INFO - Weather in Baku: 25.03°C - clear sky
16-08-2022 00:09:25 - INFO - Weather in Baku: 24.03°C - clear sky
16-08-2022 02:09:05 - INFO - Weather in Baku: 22.03°C - clear sky
16-08-2022 04:54:26 - INFO - Weather in Baku: 21.03°C - clear sky
16-08-2022 07:38:30 - INFO - Weather in Baku: 27.03°C - clear sky
16-08-2022 08:31:58 - INFO - Weather in Baku: 30.03°C - clear sky
16-08-2022 10:10:03 - INFO - Weather in Baku: 35.03°C - clear sky
16-08-2022 12:09:13 - INFO - Weather in Baku: 37.03°C - clear sky
16-08-2022 14:09:08 - INFO - Weather in Baku: 37.03°C - clear sky
16-08-2022 16:15:14 - INFO - Weather in Baku: 36.03°C - clear sky
16-08-2022 18:10:14 - INFO - Weather in Baku: 35.03°C - clear sky
16-08-2022 20:11:13 - INFO - Weather in Baku: 31.03°C - clear sky
16-08-2022 22:13:31 - INFO - Weather in Baku: 27.03°C - clear sky
17-08-2022 00:09:33 - INFO - Weather in Baku: 24.03°C - clear sky
17-08-2022 02:08:12 - INFO - Weather in Baku: 23.03°C - clear sky
17-08-2022 04:51:44 - INFO - Weather in Baku: 21.03°C - clear sky
17-08-2022 07:51:50 - INFO - Weather in Baku: 29.03°C - clear sky
17-08-2022 08:59:38 - INFO - Weather in Baku: 33.03°C - clear sky
17-08-2022 10:11:51 - INFO - Weather in Baku: 34.03°C - clear sky
17-08-2022 12:11:26 - INFO - Weather in Baku: 35.03°C - clear sky
17-08-2022 14:09:28 - INFO - Weather in Baku: 36.03°C - clear sky
17-08-2022 16:17:53 - INFO - Weather in Baku: 35.03°C - clear sky
17-08-2022 18:14:38 - INFO - Weather in Baku: 34.03°C - clear sky
17-08-2022 20:12:24 - INFO - Weather in Baku: 30.03°C - clear sky
17-08-2022 22:10:31 - INFO - Weather in Baku: 26.03°C - clear sky
18-08-2022 00:09:23 - INFO - Weather in Baku: 22.03°C - clear sky
18-08-2022 02:08:21 - INFO - Weather in Baku: 21.03°C - clear sky
18-08-2022 04:51:32 - INFO - Weather in Baku: 23.03°C - clear sky
18-08-2022 07:53:44 - INFO - Weather in Baku: 29.03°C - clear sky
18-08-2022 08:54:37 - INFO - Weather in Baku: 31.03°C - clear sky
18-08-2022 10:11:13 - INFO - Weather in Baku: 33.03°C - clear sky
18-08-2022 12:11:14 - INFO - Weather in Baku: 33.03°C - clear sky
18-08-2022 14:11:07 - INFO - Weather in Baku: 33.03°C - clear sky
18-08-2022 16:17:45 - INFO - Weather in Baku: 32.03°C - clear sky
18-08-2022 18:15:14 - INFO - Weather in Baku: 31.03°C - clear sky
18-08-2022 20:17:42 - INFO - Weather in Baku: 27.03°C - clear sky
18-08-2022 22:10:13 - INFO - Weather in Baku: 24.03°C - clear sky
19-08-2022 00:10:07 - INFO - Weather in Baku: 22.03°C - clear sky
19-08-2022 02:09:10 - INFO - Weather in Baku: 19.03°C - clear sky
19-08-2022 04:51:01 - INFO - Weather in Baku: 18.03°C - clear sky
19-08-2022 07:43:49 - INFO - Weather in Baku: 24.03°C - clear sky
19-08-2022 08:41:45 - INFO - Weather in Baku: 29.03°C - clear sky
19-08-2022 10:13:06 - INFO - Weather in Baku: 32.03°C - clear sky
19-08-2022 12:11:44 - INFO - Weather in Baku: 35.03°C - clear sky
19-08-2022 14:10:33 - INFO - Weather in Baku: 33.03°C - clear sky
19-08-2022 16:15:58 - INFO - Weather in Baku: 34.03°C - clear sky
19-08-2022 18:09:06 - INFO - Weather in Baku: 32.03°C - clear sky
19-08-2022 20:12:35 - INFO - Weather in Baku: 29.03°C - clear sky
19-08-2022 22:11:45 - INFO - Weather in Baku: 25.03°C - clear sky
20-08-2022 00:10:08 - INFO - Weather in Baku: 25.03°C - clear sky
20-08-2022 02:09:45 - INFO - Weather in Baku: 22.03°C - clear sky
20-08-2022 04:45:06 - INFO - Weather in Baku: 22.03°C - clear sky
20-08-2022 07:27:32 - INFO - Weather in Baku: 23.03°C - clear sky
20-08-2022 08:24:21 - INFO - Weather in Baku: 29.03°C - clear sky
20-08-2022 10:10:31 - INFO - Weather in Baku: 33.03°C - clear sky
20-08-2022 12:11:38 - INFO - Weather in Baku: 32.03°C - clear sky
20-08-2022 14:08:48 - INFO - Weather in Baku: 32.03°C - clear sky
20-08-2022 16:14:27 - INFO - Weather in Baku: 31.03°C - clear sky
20-08-2022 18:07:42 - INFO - Weather in Baku: 30.03°C - clear sky
20-08-2022 20:10:26 - INFO - Weather in Baku: 28.03°C - clear sky
20-08-2022 22:10:00 - INFO - Weather in Baku: 28.03°C - clear sky
21-08-2022 00:09:15 - INFO - Weather in Baku: 27.03°C - clear sky
21-08-2022 02:08:19 - INFO - Weather in Baku: 26.03°C - clear sky
