23-07-2022 08:52:15 - INFO - Weather in Baku: 27.03°C - clear sky
23-07-2022 10:08:45 - INFO - Weather in Baku: 28.03°C - few clouds
23-07-2022 13:06:29 - INFO - Weather in Baku: 29.03°C - scattered clouds
23-07-2022 16:12:24 - INFO - Weather in Baku: 28.03°C - few clouds
23-07-2022 19:06:41 - INFO - Weather in Baku: 26.03°C - scattered clouds
23-07-2022 22:08:03 - INFO - Weather in Baku: 24.03°C - few clouds
24-07-2022 01:06:12 - INFO - Weather in Baku: 24.03°C - scattered clouds
24-07-2022 04:42:31 - INFO - Weather in Baku: 24.03°C - few clouds
24-07-2022 07:50:44 - INFO - Weather in Baku: 25.03°C - scattered clouds
24-07-2022 10:08:49 - INFO - Weather in Baku: 27.03°C - broken clouds
24-07-2022 13:06:45 - INFO - Weather in Baku: 28.03°C - few clouds
24-07-2022 16:12:02 - INFO - Weather in Baku: 26.03°C - few clouds
24-07-2022 19:06:48 - INFO - Weather in Baku: 24.03°C - scattered clouds
24-07-2022 22:08:48 - INFO - Weather in Baku: 23.03°C - scattered clouds
25-07-2022 01:06:14 - INFO - Weather in Baku: 23.03°C - broken clouds
25-07-2022 04:40:21 - INFO - Weather in Baku: 23.03°C - few clouds
25-07-2022 08:00:59 - INFO - Weather in Baku: 23.03°C - scattered clouds
25-07-2022 10:10:40 - INFO - Weather in Baku: 23.03°C - few clouds
25-07-2022 13:07:34 - INFO - Weather in Baku: 25.03°C - scattered clouds
25-07-2022 16:14:13 - INFO - Weather in Baku: 27.03°C - clear sky
25-07-2022 19:07:14 - INFO - Weather in Baku: 25.03°C - clear sky
25-07-2022 22:08:33 - INFO - Weather in Baku: 22.03°C - clear sky
26-07-2022 01:06:22 - INFO - Weather in Baku: 21.03°C - clear sky
26-07-2022 04:41:45 - INFO - Weather in Baku: 19.03°C - clear sky
26-07-2022 08:20:28 - INFO - Weather in Baku: 26.03°C - clear sky
26-07-2022 10:10:18 - INFO - Weather in Baku: 28.03°C - clear sky
26-07-2022 13:07:04 - INFO - Weather in Baku: 30.03°C - clear sky
26-07-2022 16:13:28 - INFO - Weather in Baku: 29.03°C - clear sky
26-07-2022 19:07:41 - INFO - Weather in Baku: 27.03°C - clear sky
26-07-2022 22:08:31 - INFO - Weather in Baku: 25.03°C - clear sky
27-07-2022 01:06:12 - INFO - Weather in Baku: 23.03°C - clear sky
27-07-2022 04:42:27 - INFO - Weather in Baku: 21.03°C - clear sky
27-07-2022 08:02:35 - INFO - Weather in Baku: 26.03°C - clear sky
27-07-2022 10:09:22 - INFO - Weather in Baku: 30.03°C - clear sky
27-07-2022 13:06:51 - INFO - Weather in Baku: 33.03°C - clear sky
27-07-2022 16:15:35 - INFO - Weather in Baku: 34.03°C - clear sky
27-07-2022 19:07:41 - INFO - Weather in Baku: 31.03°C - clear sky
27-07-2022 22:08:32 - INFO - Weather in Baku: 28.03°C - clear sky
28-07-2022 01:06:25 - INFO - Weather in Baku: 26.03°C - scattered clouds
28-07-2022 04:39:05 - INFO - Weather in Baku: 25.03°C - few clouds
28-07-2022 07:57:29 - INFO - Weather in Baku: 26.03°C - few clouds
28-07-2022 10:09:26 - INFO - Weather in Baku: 26.03°C - broken clouds
28-07-2022 13:06:52 - INFO - Weather in Baku: 27.03°C - broken clouds
28-07-2022 16:16:39 - INFO - Weather in Baku: 28.03°C - few clouds
28-07-2022 19:07:02 - INFO - Weather in Baku: 26.03°C - few clouds
28-07-2022 22:09:02 - INFO - Weather in Baku: 25.03°C - scattered clouds
29-07-2022 01:06:39 - INFO - Weather in Baku: 25.03°C - scattered clouds
29-07-2022 04:40:14 - INFO - Weather in Baku: 24.03°C - clear sky
29-07-2022 08:01:48 - INFO - Weather in Baku: 26.03°C - few clouds
29-07-2022 10:09:13 - INFO - Weather in Baku: 29.03°C - clear sky
29-07-2022 13:07:04 - INFO - Weather in Baku: 30.03°C - clear sky
29-07-2022 16:13:42 - INFO - Weather in Baku: 29.03°C - clear sky
29-07-2022 19:11:43 - INFO - Weather in Baku: 27.03°C - clear sky
29-07-2022 22:08:56 - INFO - Weather in Baku: 24.03°C - clear sky
30-07-2022 01:06:06 - INFO - Weather in Baku: 23.03°C - clear sky
30-07-2022 04:35:19 - INFO - Weather in Baku: 22.03°C - clear sky
30-07-2022 07:59:13 - INFO - Weather in Baku: 26.03°C - clear sky
30-07-2022 10:08:25 - INFO - Weather in Baku: 30.03°C - clear sky
30-07-2022 13:06:30 - INFO - Weather in Baku: 31.03°C - clear sky
30-07-2022 16:11:13 - INFO - Weather in Baku: 31.03°C - clear sky
30-07-2022 19:06:41 - INFO - Weather in Baku: 29.03°C - clear sky
30-07-2022 22:07:41 - INFO - Weather in Baku: 27.03°C - clear sky
31-07-2022 01:05:37 - INFO - Weather in Baku: 23.03°C - clear sky
31-07-2022 04:38:58 - INFO - Weather in Baku: 24.03°C - clear sky
31-07-2022 07:53:53 - INFO - Weather in Baku: 26.03°C - scattered clouds
31-07-2022 10:08:29 - INFO - Weather in Baku: 27.03°C - scattered clouds
31-07-2022 13:06:33 - INFO - Weather in Baku: 32.03°C - clear sky
31-07-2022 16:13:12 - INFO - Weather in Baku: 32.03°C - clear sky
31-07-2022 19:06:47 - INFO - Weather in Baku: 27.03°C - clear sky
31-07-2022 22:07:37 - INFO - Weather in Baku: 25.03°C - clear sky
01-08-2022 01:05:47 - INFO - Weather in Baku: 24.03°C - clear sky
01-08-2022 04:48:07 - INFO - Weather in Baku: 22.03°C - clear sky
01-08-2022 08:22:10 - INFO - Weather in Baku: 26.03°C - scattered clouds
01-08-2022 10:23:41 - INFO - Weather in Baku: 29.03°C - clear sky
01-08-2022 13:07:58 - INFO - Weather in Baku: 32.03°C - clear sky
01-08-2022 16:15:09 - INFO - Weather in Baku: 32.03°C - clear sky
01-08-2022 19:08:21 - INFO - Weather in Baku: 29.03°C - clear sky
01-08-2022 22:09:02 - INFO - Weather in Baku: 27.03°C - clear sky
02-08-2022 01:06:33 - INFO - Weather in Baku: 25.03°C - clear sky
02-08-2022 04:43:42 - INFO - Weather in Baku: 23.03°C - clear sky
02-08-2022 08:20:09 - INFO - Weather in Baku: 29.03°C - clear sky
02-08-2022 10:10:12 - INFO - Weather in Baku: 32.03°C - clear sky
02-08-2022 13:06:57 - INFO - Weather in Baku: 33.03°C - clear sky
02-08-2022 16:17:18 - INFO - Weather in Baku: 33.03°C - clear sky
02-08-2022 19:07:08 - INFO - Weather in Baku: 30.03°C - clear sky
02-08-2022 22:10:17 - INFO - Weather in Baku: 26.03°C - clear sky
03-08-2022 01:06:57 - INFO - Weather in Baku: 24.03°C - clear sky
03-08-2022 04:44:54 - INFO - Weather in Baku: 22.03°C - clear sky
03-08-2022 08:16:35 - INFO - Weather in Baku: 27.03°C - few clouds
03-08-2022 10:09:27 - INFO - Weather in Baku: 32.03°C - clear sky
03-08-2022 13:07:00 - INFO - Weather in Baku: 34.03°C - clear sky
03-08-2022 16:13:39 - INFO - Weather in Baku: 34.03°C - few clouds
03-08-2022 19:07:52 - INFO - Weather in Baku: 31.03°C - clear sky
03-08-2022 22:09:09 - INFO - Weather in Baku: 28.03°C - clear sky
04-08-2022 01:06:41 - INFO - Weather in Baku: 27.03°C - few clouds
04-08-2022 04:43:17 - INFO - Weather in Baku: 26.03°C - scattered clouds
04-08-2022 07:49:43 - INFO - Weather in Baku: 28.03°C - clear sky
04-08-2022 10:10:18 - INFO - Weather in Baku: 31.03°C - clear sky
04-08-2022 13:06:53 - INFO - Weather in Baku: 33.03°C - clear sky
04-08-2022 16:12:51 - INFO - Weather in Baku: 32.03°C - clear sky
04-08-2022 19:07:34 - INFO - Weather in Baku: 30.03°C - clear sky
04-08-2022 22:08:42 - INFO - Weather in Baku: 27.03°C - clear sky
05-08-2022 01:06:24 - INFO - Weather in Baku: 26.03°C - clear sky
05-08-2022 04:46:44 - INFO - Weather in Baku: 24.03°C - clear sky
05-08-2022 07:59:13 - INFO - Weather in Baku: 27.03°C - clear sky
05-08-2022 10:09:12 - INFO - Weather in Baku: 30.03°C - clear sky
05-08-2022 13:07:10 - INFO - Weather in Baku: 34.03°C - clear sky
05-08-2022 16:13:19 - INFO - Weather in Baku: 31.03°C - clear sky
05-08-2022 19:07:20 - INFO - Weather in Baku: 29.03°C - clear sky
05-08-2022 22:08:55 - INFO - Weather in Baku: 27.03°C - clear sky
06-08-2022 01:06:23 - INFO - Weather in Baku: 27.03°C - few clouds
06-08-2022 04:38:21 - INFO - Weather in Baku: 27.03°C - scattered clouds
06-08-2022 07:38:42 - INFO - Weather in Baku: 26.03°C - few clouds
06-08-2022 10:08:43 - INFO - Weather in Baku: 26.03°C - few clouds
06-08-2022 13:15:59 - INFO - Weather in Baku: 30.03°C - few clouds
06-08-2022 16:29:01 - INFO - Weather in Baku: 29.03°C - few clouds
06-08-2022 19:16:50 - INFO - Weather in Baku: 27.03°C - few clouds
06-08-2022 22:20:24 - INFO - Weather in Baku: 27.03°C - clear sky
07-08-2022 01:15:35 - INFO - Weather in Baku: 26.03°C - clear sky
07-08-2022 05:48:13 - INFO - Weather in Baku: 25.03°C - few clouds
07-08-2022 07:44:44 - INFO - Weather in Baku: 26.03°C - few clouds
07-08-2022 10:20:57 - INFO - Weather in Baku: 28.03°C - few clouds
07-08-2022 13:15:48 - INFO - Weather in Baku: 29.03°C - scattered clouds
07-08-2022 16:29:49 - INFO - Weather in Baku: 30.03°C - clear sky
07-08-2022 19:16:48 - INFO - Weather in Baku: 28.03°C - scattered clouds
07-08-2022 22:20:31 - INFO - Weather in Baku: 25.03°C - light intensity shower rain
08-08-2022 01:14:15 - INFO - Weather in Baku: 26.03°C - light intensity shower rain
08-08-2022 05:40:41 - INFO - Weather in Baku: 24.03°C - scattered clouds
08-08-2022 07:56:59 - INFO - Weather in Baku: 24.03°C - light intensity shower rain
08-08-2022 13:17:06 - INFO - Weather in Baku: 28.03°C - few clouds
08-08-2022 16:34:49 - INFO - Weather in Baku: 25.03°C - scattered clouds
08-08-2022 22:22:23 - INFO - Weather in Baku: 25.03°C - few clouds
09-08-2022 01:15:12 - INFO - Weather in Baku: 26.03°C - clear sky
09-08-2022 05:50:38 - INFO - Weather in Baku: 25.03°C - few clouds
09-08-2022 07:59:08 - INFO - Weather in Baku: 26.03°C - few clouds
09-08-2022 10:23:44 - INFO - Weather in Baku: 27.03°C - scattered clouds
09-08-2022 13:18:29 - INFO - Weather in Baku: 28.03°C - few clouds
09-08-2022 16:38:50 - INFO - Weather in Baku: 30.03°C - clear sky
09-08-2022 19:19:52 - INFO - Weather in Baku: 27.03°C - clear sky
09-08-2022 22:20:59 - INFO - Weather in Baku: 25.03°C - clear sky
10-08-2022 01:15:26 - INFO - Weather in Baku: 23.03°C - clear sky
10-08-2022 05:36:39 - INFO - Weather in Baku: 23.03°C - clear sky
10-08-2022 07:37:48 - INFO - Weather in Baku: 26.03°C - clear sky
10-08-2022 10:23:27 - INFO - Weather in Baku: 28.03°C - clear sky
10-08-2022 13:17:17 - INFO - Weather in Baku: 31.03°C - clear sky
10-08-2022 16:34:43 - INFO - Weather in Baku: 32.03°C - clear sky
10-08-2022 19:17:55 - INFO - Weather in Baku: 29.03°C - clear sky
10-08-2022 22:20:59 - INFO - Weather in Baku: 25.03°C - clear sky
11-08-2022 01:15:21 - INFO - Weather in Baku: 23.03°C - clear sky
11-08-2022 05:38:27 - INFO - Weather in Baku: 22.03°C - clear sky
11-08-2022 07:46:08 - INFO - Weather in Baku: 26.03°C - clear sky
11-08-2022 10:21:56 - INFO - Weather in Baku: 32.03°C - clear sky
11-08-2022 13:17:30 - INFO - Weather in Baku: 32.03°C - clear sky
11-08-2022 16:37:51 - INFO - Weather in Baku: 32.03°C - clear sky
11-08-2022 19:18:34 - INFO - Weather in Baku: 29.03°C - clear sky
11-08-2022 22:20:52 - INFO - Weather in Baku: 27.03°C - clear sky
12-08-2022 01:15:55 - INFO - Weather in Baku: 23.03°C - clear sky
12-08-2022 05:42:51 - INFO - Weather in Baku: 22.03°C - clear sky
12-08-2022 07:52:43 - INFO - Weather in Baku: 26.03°C - clear sky
12-08-2022 10:22:21 - INFO - Weather in Baku: 33.03°C - clear sky
12-08-2022 13:16:49 - INFO - Weather in Baku: 34.03°C - clear sky
12-08-2022 16:02:08 - INFO - Weather in Baku: 34.03°C - clear sky
12-08-2022 18:09:20 - INFO - Weather in Baku: 32.03°C - clear sky
12-08-2022 20:12:53 - INFO - Weather in Baku: 29.03°C - clear sky
12-08-2022 22:10:25 - INFO - Weather in Baku: 24.03°C - clear sky
13-08-2022 00:09:04 - INFO - Weather in Baku: 24.03°C - clear sky
13-08-2022 02:09:33 - INFO - Weather in Baku: 24.03°C - clear sky
13-08-2022 04:42:10 - INFO - Weather in Baku: 24.03°C - clear sky
13-08-2022 07:14:42 - INFO - Weather in Baku: 26.03°C - clear sky
13-08-2022 08:15:31 - INFO - Weather in Baku: 29.03°C - clear sky
13-08-2022 10:10:33 - INFO - Weather in Baku: 33.03°C - clear sky
13-08-2022 12:10:59 - INFO - Weather in Baku: 36.03°C - clear sky
13-08-2022 14:09:17 - INFO - Weather in Baku: 34.03°C - clear sky
13-08-2022 16:43:24 - INFO - Weather in Baku: 33.03°C - clear sky
13-08-2022 18:07:42 - INFO - Weather in Baku: 32.03°C - few clouds
13-08-2022 20:10:03 - INFO - Weather in Baku: 30.03°C - thunderstorm
13-08-2022 22:09:40 - INFO - Weather in Baku: 26.03°C - scattered clouds
14-08-2022 00:09:15 - INFO - Weather in Baku: 24.03°C - clear sky
14-08-2022 02:08:18 - INFO - Weather in Baku: 23.03°C - clear sky
14-08-2022 04:47:45 - INFO - Weather in Baku: 24.03°C - clear sky
14-08-2022 07:24:56 - INFO - Weather in Baku: 24.03°C - clear sky
14-08-2022 08:19:53 - INFO - Weather in Baku: 28.03°C - clear sky
14-08-2022 10:11:06 - INFO - Weather in Baku: 34.03°C - clear sky
14-08-2022 12:10:27 - INFO - Weather in Baku: 35.03°C - clear sky
14-08-2022 14:08:33 - INFO - Weather in Baku: 35.03°C - clear sky
14-08-2022 16:14:31 - INFO - Weather in Baku: 35.03°C - clear sky
14-08-2022 18:08:20 - INFO - Weather in Baku: 33.03°C - clear sky
14-08-2022 20:10:11 - INFO - Weather in Baku: 28.03°C - clear sky
14-08-2022 22:09:49 - INFO - Weather in Baku: 26.03°C - clear sky
15-08-2022 00:08:37 - INFO - Weather in Baku: 23.03°C - clear sky
15-08-2022 02:08:35 - INFO - Weather in Baku: 21.03°C - clear sky
15-08-2022 04:46:54 - INFO - Weather in Baku: 20.03°C - clear sky
15-08-2022 07:50:36 - INFO - Weather in Baku: 27.03°C - clear sky
15-08-2022 08:57:07 - INFO - Weather in Baku: 32.03°C - clear sky
15-08-2022 10:11:15 - INFO - Weather in Baku: 35.03°C - clear sky
15-08-2022 12:11:35 - INFO - Weather in Baku: 36.03°C - clear sky
15-08-2022 14:10:05 - INFO - Weather in Baku: 36.03°C - clear sky
15-08-2022 16:17:16 - INFO - Weather in Baku: 36.03°C - clear sky
15-08-2022 18:10:19 - INFO - Weather in Baku: 34.03°C - clear sky
15-08-2022 20:11:52 - INFO - Weather in Baku: 30.03°C - clear sky
15-08-2022 22:11:26 - INFO - Weather in Baku: 25.03°C - clear sky
16-08-2022 00:09:25 - INFO - Weather in Baku: 24.03°C - clear sky
16-08-2022 02:09:05 - INFO - Weather in Baku: 22.03°C - clear sky
16-08-2022 04:54:26 - INFO - Weather in Baku: 21.03°C - clear sky
16-08-2022 07:38:30 - INFO - Weather in Baku: 27.03°C - clear sky
16-08-2022 08:31:58 - INFO - Weather in Baku: 30.03°C - clear sky
16-08-2022 10:10:03 - INFO - Weather in Baku: 35.03°C - clear sky
16-08-2022 12:09:13 - INFO - Weather in Baku: 37.03°C - clear sky
16-08-2022 14:09:08 - INFO - Weather in Baku: 37.03°C - clear sky
16-08-2022 16:15:14 - INFO - Weather in Baku: 36.03°C - clear sky
16-08-2022 18:10:14 - INFO - Weather in Baku: 35.03°C - clear sky
16-08-2022 20:11:13 - INFO - Weather in Baku: 31.03°C - clear sky
16-08-2022 22:13:31 - INFO - Weather in Baku: 27.03°C - clear sky
17-08-2022 00:09:33 - INFO - Weather in Baku: 24.03°C - clear sky
17-08-2022 02:08:12 - INFO - Weather in Baku: 23.03°C - clear sky
17-08-2022 04:51:44 - INFO - Weather in Baku: 21.03°C - clear sky
17-08-2022 07:51:50 - INFO - Weather in Baku: 29.03°C - clear sky
17-08-2022 08:59:38 - INFO - Weather in Baku: 33.03°C - clear sky
17-08-2022 10:11:51 - INFO - Weather in Baku: 34.03°C - clear sky
17-08-2022 12:11:26 - INFO - Weather in Baku: 35.03°C - clear sky
17-08-2022 14:09:28 - INFO - Weather in Baku: 36.03°C - clear sky
17-08-2022 16:17:53 - INFO - Weather in Baku: 35.03°C - clear sky
17-08-2022 18:14:38 - INFO - Weather in Baku: 34.03°C - clear sky
17-08-2022 20:12:24 - INFO - Weather in Baku: 30.03°C - clear sky
17-08-2022 22:10:31 - INFO - Weather in Baku: 26.03°C - clear sky
18-08-2022 00:09:23 - INFO - Weather in Baku: 22.03°C - clear sky
18-08-2022 02:08:21 - INFO - Weather in Baku: 21.03°C - clear sky
18-08-2022 04:51:32 - INFO - Weather in Baku: 23.03°C - clear sky
18-08-2022 07:53:44 - INFO - Weather in Baku: 29.03°C - clear sky
18-08-2022 08:54:37 - INFO - Weather in Baku: 31.03°C - clear sky
18-08-2022 10:11:13 - INFO - Weather in Baku: 33.03°C - clear sky
18-08-2022 12:11:14 - INFO - Weather in Baku: 33.03°C - clear sky
18-08-2022 14:11:07 - INFO - Weather in Baku: 33.03°C - clear sky
18-08-2022 16:17:45 - INFO - Weather in Baku: 32.03°C - clear sky
18-08-2022 18:15:14 - INFO - Weather in Baku: 31.03°C - clear sky
18-08-2022 20:17:42 - INFO - Weather in Baku: 27.03°C - clear sky
18-08-2022 22:10:13 - INFO - Weather in Baku: 24.03°C - clear sky
19-08-2022 00:10:07 - INFO - Weather in Baku: 22.03°C - clear sky
19-08-2022 02:09:10 - INFO - Weather in Baku: 19.03°C - clear sky
19-08-2022 04:51:01 - INFO - Weather in Baku: 18.03°C - clear sky
19-08-2022 07:43:49 - INFO - Weather in Baku: 24.03°C - clear sky
19-08-2022 08:41:45 - INFO - Weather in Baku: 29.03°C - clear sky
19-08-2022 10:13:06 - INFO - Weather in Baku: 32.03°C - clear sky
19-08-2022 12:11:44 - INFO - Weather in Baku: 35.03°C - clear sky
19-08-2022 14:10:33 - INFO - Weather in Baku: 33.03°C - clear sky
19-08-2022 16:15:58 - INFO - Weather in Baku: 34.03°C - clear sky
19-08-2022 18:09:06 - INFO - Weather in Baku: 32.03°C - clear sky
19-08-2022 20:12:35 - INFO - Weather in Baku: 29.03°C - clear sky
19-08-2022 22:11:45 - INFO - Weather in Baku: 25.03°C - clear sky
20-08-2022 00:10:08 - INFO - Weather in Baku: 25.03°C - clear sky
20-08-2022 02:09:45 - INFO - Weather in Baku: 22.03°C - clear sky
20-08-2022 04:45:06 - INFO - Weather in Baku: 22.03°C - clear sky
20-08-2022 07:27:32 - INFO - Weather in Baku: 23.03°C - clear sky
20-08-2022 08:24:21 - INFO - Weather in Baku: 29.03°C - clear sky
20-08-2022 10:10:31 - INFO - Weather in Baku: 33.03°C - clear sky
20-08-2022 12:11:38 - INFO - Weather in Baku: 32.03°C - clear sky
20-08-2022 14:08:48 - INFO - Weather in Baku: 32.03°C - clear sky
20-08-2022 16:14:27 - INFO - Weather in Baku: 31.03°C - clear sky
20-08-2022 18:07:42 - INFO - Weather in Baku: 30.03°C - clear sky
20-08-2022 20:10:26 - INFO - Weather in Baku: 28.03°C - clear sky
20-08-2022 22:10:00 - INFO - Weather in Baku: 28.03°C - clear sky
21-08-2022 00:09:15 - INFO - Weather in Baku: 27.03°C - clear sky
21-08-2022 02:08:19 - INFO - Weather in Baku: 26.03°C - clear sky
21-08-2022 04:46:35 - INFO - Weather in Baku: 25.03°C - clear sky
21-08-2022 07:31:35 - INFO - Weather in Baku: 26.03°C - clear sky
21-08-2022 08:24:32 - INFO - Weather in Baku: 27.03°C - clear sky
21-08-2022 10:11:02 - INFO - Weather in Baku: 29.03°C - clear sky
21-08-2022 12:11:01 - INFO - Weather in Baku: 31.03°C - clear sky
21-08-2022 14:08:55 - INFO - Weather in Baku: 30.03°C - clear sky
21-08-2022 16:13:59 - INFO - Weather in Baku: 29.03°C - clear sky
21-08-2022 18:07:21 - INFO - Weather in Baku: 28.03°C - clear sky
21-08-2022 20:11:15 - INFO - Weather in Baku: 26.03°C - clear sky
21-08-2022 22:10:03 - INFO - Weather in Baku: 20.03°C - clear sky
22-08-2022 00:09:16 - INFO - Weather in Baku: 20.03°C - clear sky
22-08-2022 02:08:24 - INFO - Weather in Baku: 21.03°C - clear sky
22-08-2022 04:50:37 - INFO - Weather in Baku: 19.03°C - clear sky
22-08-2022 07:51:33 - INFO - Weather in Baku: 24.03°C - clear sky
22-08-2022 09:01:54 - INFO - Weather in Baku: 27.03°C - clear sky
22-08-2022 10:13:59 - INFO - Weather in Baku: 30.03°C - clear sky
22-08-2022 12:11:43 - INFO - Weather in Baku: 31.03°C - clear sky
22-08-2022 14:10:17 - INFO - Weather in Baku: 30.03°C - clear sky
22-08-2022 16:17:59 - INFO - Weather in Baku: 29.03°C - clear sky
22-08-2022 18:08:25 - INFO - Weather in Baku: 28.03°C - clear sky
22-08-2022 20:10:54 - INFO - Weather in Baku: 27.58°C - clear sky
22-08-2022 22:10:33 - INFO - Weather in Baku: 19.03°C - clear sky
23-08-2022 00:09:35 - INFO - Weather in Baku: 21.03°C - clear sky
23-08-2022 02:09:06 - INFO - Weather in Baku: 21.03°C - clear sky
23-08-2022 04:56:18 - INFO - Weather in Baku: 20.03°C - clear sky
23-08-2022 08:04:32 - INFO - Weather in Baku: 24.03°C - clear sky
23-08-2022 10:22:32 - INFO - Weather in Baku: 29.03°C - clear sky
23-08-2022 12:12:21 - INFO - Weather in Baku: 31.03°C - clear sky
23-08-2022 14:09:48 - INFO - Weather in Baku: 31.03°C - clear sky
23-08-2022 16:17:35 - INFO - Weather in Baku: 30.03°C - clear sky
23-08-2022 18:08:07 - INFO - Weather in Baku: 30.03°C - clear sky
23-08-2022 20:11:36 - INFO - Weather in Baku: 26.03°C - clear sky
23-08-2022 22:10:46 - INFO - Weather in Baku: 20.03°C - clear sky
24-08-2022 00:09:19 - INFO - Weather in Baku: 18.03°C - clear sky
24-08-2022 02:08:44 - INFO - Weather in Baku: 18.03°C - clear sky
24-08-2022 04:52:00 - INFO - Weather in Baku: 17.03°C - clear sky
24-08-2022 08:01:16 - INFO - Weather in Baku: 22.03°C - clear sky
24-08-2022 10:13:54 - INFO - Weather in Baku: 31.03°C - clear sky
24-08-2022 12:11:38 - INFO - Weather in Baku: 32.03°C - clear sky
24-08-2022 14:09:44 - INFO - Weather in Baku: 32.03°C - clear sky
24-08-2022 16:17:21 - INFO - Weather in Baku: 32.03°C - clear sky
24-08-2022 18:07:49 - INFO - Weather in Baku: 31.03°C - clear sky
24-08-2022 20:11:54 - INFO - Weather in Baku: 26.03°C - clear sky
24-08-2022 22:19:35 - INFO - Weather in Baku: 22.03°C - clear sky
25-08-2022 00:09:35 - INFO - Weather in Baku: 19.03°C - clear sky
25-08-2022 02:08:34 - INFO - Weather in Baku: 18.03°C - clear sky
25-08-2022 04:56:50 - INFO - Weather in Baku: 18.03°C - clear sky
25-08-2022 08:03:56 - INFO - Weather in Baku: 23.03°C - clear sky
25-08-2022 10:23:24 - INFO - Weather in Baku: 30.03°C - clear sky
25-08-2022 12:13:55 - INFO - Weather in Baku: 32.03°C - clear sky
25-08-2022 14:09:59 - INFO - Weather in Baku: 31.03°C - clear sky
25-08-2022 16:17:56 - INFO - Weather in Baku: 30.03°C - clear sky
25-08-2022 18:08:55 - INFO - Weather in Baku: 29.03°C - clear sky
25-08-2022 20:11:36 - INFO - Weather in Baku: 26.03°C - clear sky
25-08-2022 22:10:14 - INFO - Weather in Baku: 24.03°C - clear sky
26-08-2022 00:09:52 - INFO - Weather in Baku: 20.03°C - clear sky
26-08-2022 02:09:37 - INFO - Weather in Baku: 18.03°C - clear sky
26-08-2022 04:51:58 - INFO - Weather in Baku: 16.03°C - clear sky
26-08-2022 08:10:48 - INFO - Weather in Baku: 25.03°C - clear sky
26-08-2022 10:29:04 - INFO - Weather in Baku: 30.03°C - clear sky
26-08-2022 12:12:03 - INFO - Weather in Baku: 32.03°C - clear sky
26-08-2022 14:10:08 - INFO - Weather in Baku: 33.03°C - clear sky
26-08-2022 16:17:52 - INFO - Weather in Baku: 31.03°C - clear sky
26-08-2022 18:08:04 - INFO - Weather in Baku: 29.03°C - clear sky
26-08-2022 20:12:06 - INFO - Weather in Baku: 26.03°C - clear sky
26-08-2022 22:10:55 - INFO - Weather in Baku: 23.03°C - clear sky
27-08-2022 00:09:48 - INFO - Weather in Baku: 22.03°C - clear sky
27-08-2022 02:08:42 - INFO - Weather in Baku: 18.03°C - clear sky
27-08-2022 04:44:39 - INFO - Weather in Baku: 19.03°C - clear sky
27-08-2022 07:56:52 - INFO - Weather in Baku: 23.03°C - clear sky
27-08-2022 08:52:59 - INFO - Weather in Baku: 28.03°C - clear sky
27-08-2022 10:10:42 - INFO - Weather in Baku: 30.03°C - clear sky
27-08-2022 12:11:01 - INFO - Weather in Baku: 32.03°C - clear sky
27-08-2022 14:08:45 - INFO - Weather in Baku: 33.03°C - clear sky
27-08-2022 16:17:56 - INFO - Weather in Baku: 32.03°C - clear sky
27-08-2022 18:07:27 - INFO - Weather in Baku: 30.03°C - clear sky
27-08-2022 20:10:26 - INFO - Weather in Baku: 27.03°C - clear sky
27-08-2022 22:10:50 - INFO - Weather in Baku: 23.03°C - clear sky
28-08-2022 00:09:01 - INFO - Weather in Baku: 19.03°C - clear sky
28-08-2022 02:07:48 - INFO - Weather in Baku: 19.03°C - clear sky
28-08-2022 04:52:55 - INFO - Weather in Baku: 20.03°C - clear sky
28-08-2022 07:51:07 - INFO - Weather in Baku: 23.03°C - clear sky
28-08-2022 08:47:54 - INFO - Weather in Baku: 29.03°C - clear sky
28-08-2022 10:10:46 - INFO - Weather in Baku: 32.03°C - clear sky
28-08-2022 12:11:23 - INFO - Weather in Baku: 33.03°C - clear sky
28-08-2022 14:09:42 - INFO - Weather in Baku: 33.03°C - clear sky
28-08-2022 16:14:29 - INFO - Weather in Baku: 33.03°C - clear sky
28-08-2022 18:07:48 - INFO - Weather in Baku: 30.03°C - clear sky
28-08-2022 20:10:31 - INFO - Weather in Baku: 27.03°C - clear sky
28-08-2022 22:10:31 - INFO - Weather in Baku: 23.03°C - clear sky
29-08-2022 00:09:36 - INFO - Weather in Baku: 20.03°C - clear sky
29-08-2022 02:08:12 - INFO - Weather in Baku: 18.03°C - clear sky
29-08-2022 04:56:18 - INFO - Weather in Baku: 20.03°C - clear sky
29-08-2022 08:03:17 - INFO - Weather in Baku: 23.03°C - clear sky
29-08-2022 10:39:46 - INFO - Weather in Baku: 31.03°C - clear sky
29-08-2022 12:11:56 - INFO - Weather in Baku: 33.03°C - clear sky
29-08-2022 14:09:52 - INFO - Weather in Baku: 33.03°C - clear sky
29-08-2022 16:18:35 - INFO - Weather in Baku: 33.03°C - clear sky
29-08-2022 18:10:54 - INFO - Weather in Baku: 31.03°C - clear sky
29-08-2022 20:11:39 - INFO - Weather in Baku: 26.03°C - clear sky
29-08-2022 22:11:21 - INFO - Weather in Baku: 28.23°C - clear sky
30-08-2022 00:09:36 - INFO - Weather in Baku: 21.03°C - clear sky
30-08-2022 02:09:03 - INFO - Weather in Baku: 19.03°C - clear sky
30-08-2022 04:58:09 - INFO - Weather in Baku: 18.03°C - clear sky
30-08-2022 08:11:28 - INFO - Weather in Baku: 26.03°C - clear sky
30-08-2022 10:44:20 - INFO - Weather in Baku: 32.03°C - clear sky
30-08-2022 12:12:23 - INFO - Weather in Baku: 34.03°C - clear sky
30-08-2022 14:09:35 - INFO - Weather in Baku: 36.03°C - clear sky
30-08-2022 16:20:10 - INFO - Weather in Baku: 35.03°C - clear sky
30-08-2022 18:11:31 - INFO - Weather in Baku: 33.03°C - clear sky
30-08-2022 20:12:25 - INFO - Weather in Baku: 27.03°C - clear sky
30-08-2022 22:11:07 - INFO - Weather in Baku: 24.03°C - clear sky
31-08-2022 00:09:43 - INFO - Weather in Baku: 24.03°C - clear sky
31-08-2022 02:09:35 - INFO - Weather in Baku: 22.03°C - clear sky
31-08-2022 04:59:35 - INFO - Weather in Baku: 21.03°C - clear sky
31-08-2022 08:22:25 - INFO - Weather in Baku: 29.03°C - clear sky
31-08-2022 10:49:46 - INFO - Weather in Baku: 33.03°C - clear sky
31-08-2022 12:11:21 - INFO - Weather in Baku: 34.03°C - clear sky
31-08-2022 14:09:34 - INFO - Weather in Baku: 34.03°C - clear sky
31-08-2022 16:19:26 - INFO - Weather in Baku: 33.03°C - clear sky
31-08-2022 18:10:14 - INFO - Weather in Baku: 31.03°C - clear sky
31-08-2022 20:12:43 - INFO - Weather in Baku: 27.03°C - clear sky
31-08-2022 22:11:14 - INFO - Weather in Baku: 24.03°C - clear sky
01-09-2022 00:09:48 - INFO - Weather in Baku: 24.03°C - clear sky
01-09-2022 02:09:04 - INFO - Weather in Baku: 22.03°C - clear sky
01-09-2022 04:45:47 - INFO - Weather in Baku: 23.03°C - clear sky
01-09-2022 08:00:16 - INFO - Weather in Baku: 25.03°C - clear sky
01-09-2022 09:16:08 - INFO - Weather in Baku: 29.03°C - clear sky
01-09-2022 10:20:51 - INFO - Weather in Baku: 30.03°C - clear sky
01-09-2022 12:13:53 - INFO - Weather in Baku: 32.03°C - clear sky
01-09-2022 14:09:57 - INFO - Weather in Baku: 32.03°C - clear sky
01-09-2022 16:16:51 - INFO - Weather in Baku: 32.03°C - clear sky
01-09-2022 18:11:11 - INFO - Weather in Baku: 31.03°C - clear sky
01-09-2022 20:11:51 - INFO - Weather in Baku: 27.03°C - clear sky
01-09-2022 22:12:33 - INFO - Weather in Baku: 26.03°C - clear sky
02-09-2022 00:09:59 - INFO - Weather in Baku: 25.03°C - clear sky
02-09-2022 02:09:06 - INFO - Weather in Baku: 24.03°C - clear sky
02-09-2022 04:52:16 - INFO - Weather in Baku: 24.03°C - clear sky
02-09-2022 08:07:04 - INFO - Weather in Baku: 27.03°C - clear sky
02-09-2022 10:32:14 - INFO - Weather in Baku: 31.03°C - clear sky
02-09-2022 12:11:23 - INFO - Weather in Baku: 34.03°C - clear sky
02-09-2022 14:10:26 - INFO - Weather in Baku: 37.03°C - clear sky
02-09-2022 16:20:07 - INFO - Weather in Baku: 38.03°C - clear sky
02-09-2022 18:08:03 - INFO - Weather in Baku: 37.03°C - clear sky
02-09-2022 20:11:41 - INFO - Weather in Baku: 30.03°C - clear sky
02-09-2022 22:12:44 - INFO - Weather in Baku: 24.03°C - clear sky
03-09-2022 00:09:43 - INFO - Weather in Baku: 23.03°C - clear sky
03-09-2022 02:09:19 - INFO - Weather in Baku: 21.03°C - clear sky
03-09-2022 04:45:31 - INFO - Weather in Baku: 22.03°C - clear sky
03-09-2022 07:57:41 - INFO - Weather in Baku: 25.03°C - clear sky
03-09-2022 08:56:56 - INFO - Weather in Baku: 28.03°C - clear sky
03-09-2022 10:10:50 - INFO - Weather in Baku: 32.03°C - clear sky
03-09-2022 12:11:04 - INFO - Weather in Baku: 35.03°C - clear sky
03-09-2022 14:09:44 - INFO - Weather in Baku: 37.03°C - clear sky
03-09-2022 16:14:34 - INFO - Weather in Baku: 37.03°C - clear sky
03-09-2022 18:08:18 - INFO - Weather in Baku: 36.03°C - clear sky
03-09-2022 20:10:43 - INFO - Weather in Baku: 29.03°C - clear sky
03-09-2022 22:10:42 - INFO - Weather in Baku: 24.03°C - clear sky
04-09-2022 00:09:12 - INFO - Weather in Baku: 23.03°C - clear sky
04-09-2022 02:08:18 - INFO - Weather in Baku: 20.03°C - scattered clouds
04-09-2022 04:50:29 - INFO - Weather in Baku: 21.03°C - mist
04-09-2022 08:02:50 - INFO - Weather in Baku: 26.03°C - clear sky
04-09-2022 10:10:36 - INFO - Weather in Baku: 30.03°C - clear sky
04-09-2022 12:11:10 - INFO - Weather in Baku: 32.03°C - clear sky
04-09-2022 14:09:05 - INFO - Weather in Baku: 32.03°C - clear sky
04-09-2022 16:15:58 - INFO - Weather in Baku: 32.03°C - clear sky
04-09-2022 18:07:40 - INFO - Weather in Baku: 30.03°C - clear sky
04-09-2022 20:11:21 - INFO - Weather in Baku: 27.03°C - clear sky
04-09-2022 22:10:31 - INFO - Weather in Baku: 25.03°C - clear sky
05-09-2022 00:10:20 - INFO - Weather in Baku: 25.03°C - clear sky
05-09-2022 02:08:56 - INFO - Weather in Baku: 25.03°C - clear sky
05-09-2022 04:58:51 - INFO - Weather in Baku: 25.03°C - clear sky
05-09-2022 08:10:33 - INFO - Weather in Baku: 26.03°C - clear sky
05-09-2022 10:39:33 - INFO - Weather in Baku: 29.03°C - clear sky
05-09-2022 12:13:05 - INFO - Weather in Baku: 29.03°C - clear sky
05-09-2022 14:10:02 - INFO - Weather in Baku: 27.03°C - scattered clouds
05-09-2022 16:17:47 - INFO - Weather in Baku: 25.03°C - broken clouds
05-09-2022 18:11:54 - INFO - Weather in Baku: 22.03°C - scattered clouds
05-09-2022 20:11:38 - INFO - Weather in Baku: 21.03°C - few clouds
05-09-2022 22:11:18 - INFO - Weather in Baku: 21.03°C - few clouds
06-09-2022 00:10:07 - INFO - Weather in Baku: 21.03°C - scattered clouds
06-09-2022 02:09:08 - INFO - Weather in Baku: 21.03°C - overcast clouds
06-09-2022 04:53:54 - INFO - Weather in Baku: 20.03°C - overcast clouds
06-09-2022 08:14:27 - INFO - Weather in Baku: 20.03°C - broken clouds
06-09-2022 10:52:45 - INFO - Weather in Baku: 19.03°C - scattered clouds
06-09-2022 12:12:54 - INFO - Weather in Baku: 19.03°C - scattered clouds
06-09-2022 14:10:00 - INFO - Weather in Baku: 20.03°C - light rain
06-09-2022 16:18:58 - INFO - Weather in Baku: 19.03°C - light rain
06-09-2022 18:12:59 - INFO - Weather in Baku: 19.03°C - light intensity shower rain
06-09-2022 20:11:52 - INFO - Weather in Baku: 18.03°C - overcast clouds
06-09-2022 22:11:01 - INFO - Weather in Baku: 19.03°C - scattered clouds
07-09-2022 00:09:44 - INFO - Weather in Baku: 20.03°C - clear sky
07-09-2022 02:09:08 - INFO - Weather in Baku: 20.03°C - clear sky
07-09-2022 04:56:03 - INFO - Weather in Baku: 20.03°C - clear sky
07-09-2022 08:17:11 - INFO - Weather in Baku: 20.03°C - few clouds
07-09-2022 10:50:58 - INFO - Weather in Baku: 21.03°C - clear sky
07-09-2022 12:15:04 - INFO - Weather in Baku: 22.03°C - few clouds
07-09-2022 14:11:15 - INFO - Weather in Baku: 22.03°C - few clouds
07-09-2022 16:19:22 - INFO - Weather in Baku: 22.03°C - clear sky
07-09-2022 18:19:33 - INFO - Weather in Baku: 22.03°C - few clouds
07-09-2022 20:11:51 - INFO - Weather in Baku: 21.03°C - scattered clouds
07-09-2022 22:11:40 - INFO - Weather in Baku: 21.03°C - broken clouds
08-09-2022 00:10:22 - INFO - Weather in Baku: 21.03°C - broken clouds
08-09-2022 02:09:32 - INFO - Weather in Baku: 20.03°C - broken clouds
08-09-2022 04:53:24 - INFO - Weather in Baku: 20.03°C - scattered clouds
08-09-2022 08:00:25 - INFO - Weather in Baku: 20.03°C - broken clouds
08-09-2022 09:23:40 - INFO - Weather in Baku: 21.03°C - scattered clouds
08-09-2022 10:37:42 - INFO - Weather in Baku: 23.03°C - scattered clouds
08-09-2022 12:12:03 - INFO - Weather in Baku: 23.03°C - broken clouds
08-09-2022 14:10:29 - INFO - Weather in Baku: 23.03°C - scattered clouds
08-09-2022 16:18:21 - INFO - Weather in Baku: 23.03°C - few clouds
08-09-2022 18:09:30 - INFO - Weather in Baku: 22.03°C - clear sky
08-09-2022 20:12:38 - INFO - Weather in Baku: 20.03°C - clear sky
08-09-2022 22:11:29 - INFO - Weather in Baku: 19.03°C - clear sky
09-09-2022 00:10:53 - INFO - Weather in Baku: 20.03°C - clear sky
09-09-2022 02:09:34 - INFO - Weather in Baku: 20.03°C - few clouds
09-09-2022 04:55:58 - INFO - Weather in Baku: 19.03°C - clear sky
09-09-2022 07:58:04 - INFO - Weather in Baku: 20.03°C - clear sky
09-09-2022 09:11:41 - INFO - Weather in Baku: 23.03°C - few clouds
09-09-2022 10:26:34 - INFO - Weather in Baku: 23.03°C - scattered clouds
09-09-2022 12:14:22 - INFO - Weather in Baku: 24.03°C - scattered clouds
09-09-2022 14:10:37 - INFO - Weather in Baku: 25.03°C - scattered clouds
22-12-2022 05:48:47 - INFO - Weather in Baku: 7.03°C - overcast clouds
22-12-2022 06:34:17 - INFO - Weather in Baku: 7.03°C - overcast clouds
22-12-2022 08:15:44 - INFO - Weather in Baku: 7.03°C - overcast clouds
22-12-2022 10:16:57 - INFO - Weather in Baku: 9.03°C - light rain
22-12-2022 12:16:27 - INFO - Weather in Baku: 10.03°C - light rain
22-12-2022 14:13:55 - INFO - Weather in Baku: 10.03°C - overcast clouds
22-12-2022 16:24:52 - INFO - Weather in Baku: 10.03°C - overcast clouds
22-12-2022 18:11:55 - INFO - Weather in Baku: 10.03°C - overcast clouds
22-12-2022 20:17:48 - INFO - Weather in Baku: 9.03°C - overcast clouds
22-12-2022 22:16:12 - INFO - Weather in Baku: 8.03°C - few clouds
23-12-2022 00:13:11 - INFO - Weather in Baku: 8.03°C - clear sky
23-12-2022 02:12:26 - INFO - Weather in Baku: 8.03°C - scattered clouds
23-12-2022 05:03:01 - INFO - Weather in Baku: 7.03°C - clear sky
23-12-2022 06:34:34 - INFO - Weather in Baku: 6.03°C - clear sky
23-12-2022 08:15:24 - INFO - Weather in Baku: 6.03°C - scattered clouds
23-12-2022 10:16:55 - INFO - Weather in Baku: 10.03°C - broken clouds
23-12-2022 12:16:05 - INFO - Weather in Baku: 11.03°C - broken clouds
23-12-2022 14:13:41 - INFO - Weather in Baku: 12.03°C - scattered clouds
23-12-2022 16:23:43 - INFO - Weather in Baku: 10.03°C - scattered clouds
23-12-2022 18:11:19 - INFO - Weather in Baku: 9.03°C - broken clouds
23-12-2022 20:17:08 - INFO - Weather in Baku: 10.03°C - broken clouds
23-12-2022 22:15:34 - INFO - Weather in Baku: 9.03°C - broken clouds
24-12-2022 00:13:13 - INFO - Weather in Baku: 8.03°C - broken clouds
24-12-2022 02:11:53 - INFO - Weather in Baku: 9.03°C - broken clouds
24-12-2022 04:58:41 - INFO - Weather in Baku: 7.03°C - few clouds
24-12-2022 06:28:41 - INFO - Weather in Baku: 7.03°C - broken clouds
24-12-2022 08:15:05 - INFO - Weather in Baku: 9.03°C - broken clouds
24-12-2022 10:15:04 - INFO - Weather in Baku: 10.03°C - scattered clouds
24-12-2022 12:15:38 - INFO - Weather in Baku: 10.03°C - few clouds
24-12-2022 14:12:22 - INFO - Weather in Baku: 10.03°C - scattered clouds
24-12-2022 16:22:15 - INFO - Weather in Baku: 10.03°C - clear sky
24-12-2022 18:10:34 - INFO - Weather in Baku: 9.03°C - clear sky
24-12-2022 20:16:42 - INFO - Weather in Baku: 8.03°C - clear sky
24-12-2022 22:14:34 - INFO - Weather in Baku: 8.03°C - clear sky
25-12-2022 00:12:33 - INFO - Weather in Baku: 7.03°C - few clouds
25-12-2022 02:11:22 - INFO - Weather in Baku: 8.03°C - clear sky
25-12-2022 05:06:59 - INFO - Weather in Baku: 7.03°C - overcast clouds
25-12-2022 06:36:03 - INFO - Weather in Baku: 8.03°C - scattered clouds
25-12-2022 08:15:07 - INFO - Weather in Baku: 8.03°C - broken clouds
25-12-2022 10:15:18 - INFO - Weather in Baku: 8.03°C - broken clouds
25-12-2022 12:15:30 - INFO - Weather in Baku: 9.03°C - overcast clouds
25-12-2022 14:12:51 - INFO - Weather in Baku: 9.03°C - broken clouds
25-12-2022 16:22:43 - INFO - Weather in Baku: 9.03°C - broken clouds
25-12-2022 18:10:30 - INFO - Weather in Baku: 7.03°C - scattered clouds
25-12-2022 20:16:36 - INFO - Weather in Baku: 8.03°C - broken clouds
25-12-2022 22:14:30 - INFO - Weather in Baku: 7.03°C - broken clouds
26-12-2022 00:12:24 - INFO - Weather in Baku: 7.03°C - broken clouds
26-12-2022 02:11:41 - INFO - Weather in Baku: 7.03°C - broken clouds
26-12-2022 05:04:24 - INFO - Weather in Baku: 7.03°C - broken clouds
26-12-2022 06:35:00 - INFO - Weather in Baku: 6.03°C - broken clouds
26-12-2022 08:15:47 - INFO - Weather in Baku: 7.03°C - broken clouds
26-12-2022 10:16:50 - INFO - Weather in Baku: 7.03°C - broken clouds
26-12-2022 12:16:48 - INFO - Weather in Baku: 8.03°C - broken clouds
26-12-2022 14:13:36 - INFO - Weather in Baku: 7.03°C - overcast clouds
26-12-2022 16:23:42 - INFO - Weather in Baku: 7.03°C - broken clouds
26-12-2022 18:11:33 - INFO - Weather in Baku: 6.03°C - broken clouds
26-12-2022 20:17:07 - INFO - Weather in Baku: 7.03°C - broken clouds
26-12-2022 22:15:21 - INFO - Weather in Baku: 7.03°C - broken clouds
27-12-2022 00:13:19 - INFO - Weather in Baku: 6.03°C - broken clouds
27-12-2022 02:11:46 - INFO - Weather in Baku: 6.03°C - scattered clouds
27-12-2022 05:03:58 - INFO - Weather in Baku: 3.03°C - clear sky
27-12-2022 06:31:59 - INFO - Weather in Baku: 4.03°C - broken clouds
27-12-2022 08:15:46 - INFO - Weather in Baku: 3.03°C - mist
27-12-2022 10:16:29 - INFO - Weather in Baku: 6.03°C - scattered clouds
27-12-2022 12:16:29 - INFO - Weather in Baku: 8.03°C - clear sky
27-12-2022 14:13:30 - INFO - Weather in Baku: 9.03°C - broken clouds
27-12-2022 16:24:01 - INFO - Weather in Baku: 7.03°C - broken clouds
27-12-2022 18:11:45 - INFO - Weather in Baku: 6.03°C - broken clouds
27-12-2022 20:17:37 - INFO - Weather in Baku: 7.03°C - overcast clouds
27-12-2022 22:15:38 - INFO - Weather in Baku: 7.03°C - overcast clouds
28-12-2022 00:13:02 - INFO - Weather in Baku: 6.03°C - broken clouds
28-12-2022 02:11:59 - INFO - Weather in Baku: 5.03°C - few clouds
28-12-2022 05:03:00 - INFO - Weather in Baku: 4.03°C - clear sky
28-12-2022 06:33:37 - INFO - Weather in Baku: 6.03°C - clear sky
28-12-2022 08:15:32 - INFO - Weather in Baku: 6.03°C - broken clouds
28-12-2022 10:16:42 - INFO - Weather in Baku: 9.03°C - clear sky
28-12-2022 12:16:05 - INFO - Weather in Baku: 10.03°C - clear sky
28-12-2022 14:13:56 - INFO - Weather in Baku: 9.03°C - clear sky
28-12-2022 16:23:43 - INFO - Weather in Baku: 9.03°C - clear sky
28-12-2022 18:11:21 - INFO - Weather in Baku: 7.03°C - clear sky
28-12-2022 20:16:59 - INFO - Weather in Baku: 6.03°C - clear sky
28-12-2022 22:15:34 - INFO - Weather in Baku: 6.03°C - clear sky
29-12-2022 00:13:15 - INFO - Weather in Baku: 6.03°C - clear sky
29-12-2022 02:12:12 - INFO - Weather in Baku: 4.03°C - clear sky
29-12-2022 05:05:22 - INFO - Weather in Baku: 7.03°C - broken clouds
29-12-2022 06:35:02 - INFO - Weather in Baku: 7.03°C - broken clouds
29-12-2022 08:15:53 - INFO - Weather in Baku: 7.03°C - broken clouds
29-12-2022 10:16:17 - INFO - Weather in Baku: 6.03°C - overcast clouds
29-12-2022 12:16:34 - INFO - Weather in Baku: 7.03°C - broken clouds
29-12-2022 14:13:24 - INFO - Weather in Baku: 7.03°C - broken clouds
29-12-2022 16:23:41 - INFO - Weather in Baku: 7.03°C - broken clouds
29-12-2022 18:11:31 - INFO - Weather in Baku: 7.03°C - few clouds
29-12-2022 20:17:26 - INFO - Weather in Baku: 6.03°C - scattered clouds
29-12-2022 22:15:34 - INFO - Weather in Baku: 6.03°C - clear sky
30-12-2022 00:13:32 - INFO - Weather in Baku: 5.03°C - clear sky
30-12-2022 02:11:52 - INFO - Weather in Baku: 5.03°C - clear sky
30-12-2022 05:05:19 - INFO - Weather in Baku: 4.03°C - clear sky
30-12-2022 06:35:31 - INFO - Weather in Baku: 4.03°C - broken clouds
30-12-2022 08:15:16 - INFO - Weather in Baku: 5.03°C - broken clouds
30-12-2022 10:16:37 - INFO - Weather in Baku: 7.03°C - broken clouds
30-12-2022 12:15:53 - INFO - Weather in Baku: 10.03°C - broken clouds
30-12-2022 14:13:10 - INFO - Weather in Baku: 10.03°C - broken clouds
30-12-2022 16:23:00 - INFO - Weather in Baku: 10.03°C - few clouds
30-12-2022 18:11:00 - INFO - Weather in Baku: 7.03°C - clear sky
30-12-2022 20:16:35 - INFO - Weather in Baku: 6.03°C - clear sky
30-12-2022 22:15:33 - INFO - Weather in Baku: 6.03°C - clear sky
31-12-2022 00:12:54 - INFO - Weather in Baku: 4.03°C - clear sky
31-12-2022 02:11:47 - INFO - Weather in Baku: 3.03°C - clear sky
31-12-2022 05:03:04 - INFO - Weather in Baku: 5.03°C - clear sky
31-12-2022 06:31:28 - INFO - Weather in Baku: 5.03°C - clear sky
31-12-2022 08:15:20 - INFO - Weather in Baku: 5.03°C - clear sky
31-12-2022 10:15:30 - INFO - Weather in Baku: 8.03°C - clear sky
31-12-2022 12:15:26 - INFO - Weather in Baku: 10.03°C - clear sky
31-12-2022 14:12:26 - INFO - Weather in Baku: 11.03°C - clear sky
31-12-2022 16:21:40 - INFO - Weather in Baku: 10.03°C - clear sky
31-12-2022 18:10:39 - INFO - Weather in Baku: 8.03°C - broken clouds
31-12-2022 20:16:19 - INFO - Weather in Baku: 6.03°C - few clouds
31-12-2022 22:14:27 - INFO - Weather in Baku: 6.03°C - few clouds
01-01-2023 00:12:25 - INFO - Weather in Baku: 6.03°C - clear sky
01-01-2023 02:11:20 - INFO - Weather in Baku: 4.03°C - clear sky
01-01-2023 05:14:27 - INFO - Weather in Baku: 7.03°C - clear sky
01-01-2023 06:48:54 - INFO - Weather in Baku: 5.03°C - clear sky
01-01-2023 08:15:14 - INFO - Weather in Baku: 3.03°C - clear sky
01-01-2023 10:15:52 - INFO - Weather in Baku: 5.03°C - clear sky
01-01-2023 12:15:51 - INFO - Weather in Baku: 11.03°C - clear sky
01-01-2023 14:12:48 - INFO - Weather in Baku: 12.03°C - clear sky
01-01-2023 16:23:27 - INFO - Weather in Baku: 11.03°C - clear sky
01-01-2023 18:10:54 - INFO - Weather in Baku: 8.03°C - clear sky
01-01-2023 20:16:31 - INFO - Weather in Baku: 6.03°C - clear sky
01-01-2023 22:14:46 - INFO - Weather in Baku: 5.03°C - mist
02-01-2023 00:13:10 - INFO - Weather in Baku: 8.77°C - broken clouds
02-01-2023 02:11:37 - INFO - Weather in Baku: 5.03°C - broken clouds
02-01-2023 05:04:27 - INFO - Weather in Baku: 5.03°C - clear sky
02-01-2023 06:35:41 - INFO - Weather in Baku: 5.03°C - clear sky
02-01-2023 08:15:44 - INFO - Weather in Baku: 5.03°C - clear sky
02-01-2023 10:16:44 - INFO - Weather in Baku: 9.03°C - clear sky
02-01-2023 12:17:05 - INFO - Weather in Baku: 12.03°C - clear sky
02-01-2023 14:13:58 - INFO - Weather in Baku: 13.03°C - clear sky
02-01-2023 16:24:25 - INFO - Weather in Baku: 15.03°C - clear sky
02-01-2023 18:11:42 - INFO - Weather in Baku: 10.03°C - clear sky
02-01-2023 20:17:30 - INFO - Weather in Baku: 9.03°C - clear sky
02-01-2023 22:15:29 - INFO - Weather in Baku: 9.03°C - clear sky
03-01-2023 00:12:54 - INFO - Weather in Baku: 8.03°C - clear sky
03-01-2023 02:11:51 - INFO - Weather in Baku: 7.03°C - clear sky
03-01-2023 05:03:58 - INFO - Weather in Baku: 6.03°C - clear sky
03-01-2023 06:33:28 - INFO - Weather in Baku: 4.03°C - clear sky
03-01-2023 08:15:18 - INFO - Weather in Baku: 6.03°C - clear sky
03-01-2023 10:15:47 - INFO - Weather in Baku: 10.03°C - clear sky
03-01-2023 12:16:55 - INFO - Weather in Baku: 14.03°C - clear sky
03-01-2023 14:13:48 - INFO - Weather in Baku: 14.03°C - clear sky
03-01-2023 16:26:32 - INFO - Weather in Baku: 13.03°C - clear sky
03-01-2023 18:11:56 - INFO - Weather in Baku: 10.03°C - clear sky
03-01-2023 20:18:18 - INFO - Weather in Baku: 7.03°C - clear sky
03-01-2023 22:15:42 - INFO - Weather in Baku: 7.03°C - clear sky
04-01-2023 00:14:06 - INFO - Weather in Baku: 8.03°C - few clouds
04-01-2023 02:12:17 - INFO - Weather in Baku: 8.03°C - clear sky
04-01-2023 05:05:35 - INFO - Weather in Baku: 8.03°C - clear sky
04-01-2023 06:37:18 - INFO - Weather in Baku: 8.03°C - clear sky
04-01-2023 08:16:01 - INFO - Weather in Baku: 8.03°C - clear sky
04-01-2023 10:16:36 - INFO - Weather in Baku: 10.03°C - clear sky
04-01-2023 12:16:44 - INFO - Weather in Baku: 12.03°C - clear sky
04-01-2023 14:14:57 - INFO - Weather in Baku: 14.03°C - clear sky
04-01-2023 16:25:37 - INFO - Weather in Baku: 13.03°C - clear sky
04-01-2023 18:13:24 - INFO - Weather in Baku: 10.03°C - clear sky
04-01-2023 20:23:34 - INFO - Weather in Baku: 9.03°C - few clouds
04-01-2023 22:16:40 - INFO - Weather in Baku: 8.03°C - clear sky
05-01-2023 00:14:03 - INFO - Weather in Baku: 8.03°C - clear sky
05-01-2023 02:12:39 - INFO - Weather in Baku: 8.03°C - broken clouds
05-01-2023 05:07:30 - INFO - Weather in Baku: 8.03°C - overcast clouds
05-01-2023 06:38:17 - INFO - Weather in Baku: 8.03°C - overcast clouds
05-01-2023 08:16:31 - INFO - Weather in Baku: 8.03°C - overcast clouds
05-01-2023 10:15:23 - INFO - Weather in Baku: 9.03°C - scattered clouds
05-01-2023 12:17:25 - INFO - Weather in Baku: 9.03°C - scattered clouds
05-01-2023 14:14:26 - INFO - Weather in Baku: 9.03°C - clear sky
05-01-2023 16:25:47 - INFO - Weather in Baku: 8.03°C - clear sky
05-01-2023 18:12:51 - INFO - Weather in Baku: 8.03°C - clear sky
05-01-2023 20:20:16 - INFO - Weather in Baku: 7.03°C - clear sky
05-01-2023 22:16:41 - INFO - Weather in Baku: 7.03°C - clear sky
06-01-2023 00:14:17 - INFO - Weather in Baku: 7.03°C - clear sky
06-01-2023 02:12:51 - INFO - Weather in Baku: 7.03°C - clear sky
06-01-2023 05:07:27 - INFO - Weather in Baku: 8.03°C - scattered clouds
06-01-2023 06:41:55 - INFO - Weather in Baku: 7.03°C - clear sky
06-01-2023 08:15:50 - INFO - Weather in Baku: 7.03°C - clear sky
06-01-2023 10:16:50 - INFO - Weather in Baku: 6.03°C - broken clouds
06-01-2023 12:16:44 - INFO - Weather in Baku: 8.03°C - clear sky
06-01-2023 14:13:59 - INFO - Weather in Baku: 9.03°C - clear sky
06-01-2023 16:25:11 - INFO - Weather in Baku: 9.03°C - clear sky
06-01-2023 18:11:58 - INFO - Weather in Baku: 10.03°C - clear sky
06-01-2023 20:18:36 - INFO - Weather in Baku: 8.03°C - clear sky
06-01-2023 22:15:53 - INFO - Weather in Baku: 6.03°C - clear sky
07-01-2023 00:13:44 - INFO - Weather in Baku: 5.03°C - clear sky
07-01-2023 02:12:19 - INFO - Weather in Baku: 8.03°C - clear sky
07-01-2023 03:16:30 - INFO - Weather in Baku: 8.03°C - clear sky
07-01-2023 05:04:43 - INFO - Weather in Baku: 5.03°C - clear sky
07-01-2023 06:35:29 - INFO - Weather in Baku: 5.03°C - clear sky
07-01-2023 08:15:24 - INFO - Weather in Baku: 6.03°C - scattered clouds
07-01-2023 10:15:20 - INFO - Weather in Baku: 8.03°C - broken clouds
07-01-2023 12:15:48 - INFO - Weather in Baku: 9.03°C - few clouds
07-01-2023 14:12:31 - INFO - Weather in Baku: 11.03°C - few clouds
07-01-2023 16:22:26 - INFO - Weather in Baku: 10.03°C - scattered clouds
07-01-2023 18:11:01 - INFO - Weather in Baku: 7.03°C - broken clouds
07-01-2023 20:16:25 - INFO - Weather in Baku: 6.03°C - broken clouds
07-01-2023 22:14:43 - INFO - Weather in Baku: 5.03°C - overcast clouds
08-01-2023 00:12:45 - INFO - Weather in Baku: 4.03°C - scattered clouds
08-01-2023 02:11:31 - INFO - Weather in Baku: 3.03°C - overcast clouds
08-01-2023 05:10:14 - INFO - Weather in Baku: 2.03°C - overcast clouds
08-01-2023 06:42:17 - INFO - Weather in Baku: 2.03°C - overcast clouds
08-01-2023 08:15:52 - INFO - Weather in Baku: 2.03°C - overcast clouds
08-01-2023 10:15:44 - INFO - Weather in Baku: 1.03°C - light snow
08-01-2023 12:15:45 - INFO - Weather in Baku: 1.03°C - overcast clouds
08-01-2023 14:13:14 - INFO - Weather in Baku: 1.03°C - light snow
08-01-2023 16:23:41 - INFO - Weather in Baku: 1.03°C - light snow
08-01-2023 18:10:50 - INFO - Weather in Baku: 1.03°C - light snow
08-01-2023 20:16:27 - INFO - Weather in Baku: 1.03°C - broken clouds
08-01-2023 22:14:52 - INFO - Weather in Baku: 1.03°C - light snow
09-01-2023 00:12:45 - INFO - Weather in Baku: 1.03°C - light snow
09-01-2023 02:11:44 - INFO - Weather in Baku: 1.03°C - light snow
09-01-2023 05:05:20 - INFO - Weather in Baku: 0.03°C - light snow
09-01-2023 06:37:13 - INFO - Weather in Baku: 0.03°C - light snow
09-01-2023 08:16:24 - INFO - Weather in Baku: 1.03°C - light snow
09-01-2023 10:17:07 - INFO - Weather in Baku: 1.03°C - light snow
09-01-2023 12:17:31 - INFO - Weather in Baku: 1.03°C - light snow
09-01-2023 14:15:24 - INFO - Weather in Baku: 1.03°C - light snow
09-01-2023 16:26:27 - INFO - Weather in Baku: 1.03°C - light snow
09-01-2023 18:15:12 - INFO - Weather in Baku: 1.03°C - light snow
09-01-2023 20:24:02 - INFO - Weather in Baku: 1.03°C - light snow
09-01-2023 22:17:09 - INFO - Weather in Baku: 1.03°C - overcast clouds
10-01-2023 00:15:17 - INFO - Weather in Baku: 1.03°C - light snow
10-01-2023 02:12:53 - INFO - Weather in Baku: 1.03°C - light snow
10-01-2023 05:09:16 - INFO - Weather in Baku: 1.03°C - overcast clouds
10-01-2023 06:43:08 - INFO - Weather in Baku: 1.03°C - overcast clouds
10-01-2023 08:16:14 - INFO - Weather in Baku: 1.03°C - overcast clouds
10-01-2023 10:18:05 - INFO - Weather in Baku: 1.03°C - light snow
10-01-2023 12:17:26 - INFO - Weather in Baku: 2.03°C - overcast clouds
10-01-2023 14:14:05 - INFO - Weather in Baku: 2.03°C - broken clouds
10-01-2023 16:26:23 - INFO - Weather in Baku: 1.03°C - snow
10-01-2023 18:15:45 - INFO - Weather in Baku: 0.03°C - shower snow
10-01-2023 20:20:38 - INFO - Weather in Baku: 0.03°C - light shower snow
10-01-2023 22:16:29 - INFO - Weather in Baku: 0.03°C - light snow
11-01-2023 00:13:44 - INFO - Weather in Baku: -0.97°C - light snow
11-01-2023 02:13:13 - INFO - Weather in Baku: -0.97°C - light snow
11-01-2023 05:07:01 - INFO - Weather in Baku: 0.03°C - overcast clouds
11-01-2023 06:39:46 - INFO - Weather in Baku: 0.03°C - light snow
11-01-2023 08:16:17 - INFO - Weather in Baku: -0.97°C - light snow
11-01-2023 10:16:38 - INFO - Weather in Baku: 1.03°C - scattered clouds
11-01-2023 12:17:37 - INFO - Weather in Baku: 1.03°C - scattered clouds
11-01-2023 14:17:10 - INFO - Weather in Baku: 1.03°C - scattered clouds
11-01-2023 16:26:23 - INFO - Weather in Baku: 1.03°C - clear sky
11-01-2023 18:18:13 - INFO - Weather in Baku: 1.03°C - clear sky
11-01-2023 20:24:40 - INFO - Weather in Baku: 1.03°C - clear sky
11-01-2023 22:19:31 - INFO - Weather in Baku: 1.03°C - clear sky
12-01-2023 00:13:48 - INFO - Weather in Baku: 1.03°C - clear sky
12-01-2023 02:13:43 - INFO - Weather in Baku: 1.03°C - broken clouds
12-01-2023 05:07:47 - INFO - Weather in Baku: 1.03°C - broken clouds
12-01-2023 06:38:56 - INFO - Weather in Baku: 1.03°C - broken clouds
12-01-2023 08:15:59 - INFO - Weather in Baku: 1.03°C - scattered clouds
12-01-2023 10:17:12 - INFO - Weather in Baku: 3.03°C - few clouds
12-01-2023 12:18:08 - INFO - Weather in Baku: 5.03°C - scattered clouds
12-01-2023 14:15:56 - INFO - Weather in Baku: 5.03°C - scattered clouds
12-01-2023 16:28:07 - INFO - Weather in Baku: 4.03°C - broken clouds
12-01-2023 18:16:41 - INFO - Weather in Baku: 4.03°C - overcast clouds
12-01-2023 20:33:51 - INFO - Weather in Baku: 4.03°C - overcast clouds
12-01-2023 22:17:30 - INFO - Weather in Baku: 4.03°C - overcast clouds
13-01-2023 00:14:42 - INFO - Weather in Baku: 3.03°C - scattered clouds
13-01-2023 02:13:25 - INFO - Weather in Baku: 3.03°C - broken clouds
13-01-2023 05:08:06 - INFO - Weather in Baku: 3.03°C - few clouds
13-01-2023 06:43:52 - INFO - Weather in Baku: 2.03°C - broken clouds
13-01-2023 08:16:27 - INFO - Weather in Baku: 3.03°C - broken clouds
13-01-2023 10:17:04 - INFO - Weather in Baku: 4.03°C - broken clouds
13-01-2023 12:17:26 - INFO - Weather in Baku: 5.03°C - broken clouds
13-01-2023 14:15:25 - INFO - Weather in Baku: 5.03°C - overcast clouds
13-01-2023 16:25:24 - INFO - Weather in Baku: 5.03°C - overcast clouds
13-01-2023 18:13:04 - INFO - Weather in Baku: 4.03°C - overcast clouds
13-01-2023 20:21:23 - INFO - Weather in Baku: 4.03°C - broken clouds
13-01-2023 22:15:51 - INFO - Weather in Baku: 3.03°C - scattered clouds
14-01-2023 00:13:54 - INFO - Weather in Baku: 3.03°C - scattered clouds
14-01-2023 02:12:05 - INFO - Weather in Baku: 3.03°C - scattered clouds
14-01-2023 05:03:36 - INFO - Weather in Baku: 3.03°C - scattered clouds
14-01-2023 06:32:03 - INFO - Weather in Baku: 4.03°C - broken clouds
14-01-2023 08:15:14 - INFO - Weather in Baku: 3.03°C - overcast clouds
14-01-2023 10:15:27 - INFO - Weather in Baku: 4.03°C - broken clouds
14-01-2023 12:15:50 - INFO - Weather in Baku: 5.03°C - overcast clouds
14-01-2023 14:13:05 - INFO - Weather in Baku: 5.03°C - overcast clouds
14-01-2023 16:22:16 - INFO - Weather in Baku: 5.03°C - overcast clouds
14-01-2023 18:10:57 - INFO - Weather in Baku: 5.03°C - overcast clouds
14-01-2023 20:16:19 - INFO - Weather in Baku: 5.03°C - overcast clouds
14-01-2023 22:14:46 - INFO - Weather in Baku: 5.03°C - light rain
15-01-2023 00:12:33 - INFO - Weather in Baku: 5.03°C - light rain
15-01-2023 02:11:17 - INFO - Weather in Baku: 5.03°C - light rain
15-01-2023 05:10:29 - INFO - Weather in Baku: 5.03°C - light rain
15-01-2023 06:41:15 - INFO - Weather in Baku: 5.03°C - light rain
15-01-2023 08:15:28 - INFO - Weather in Baku: 5.03°C - light rain
15-01-2023 10:15:43 - INFO - Weather in Baku: 5.03°C - light rain
15-01-2023 12:15:47 - INFO - Weather in Baku: 5.03°C - light intensity drizzle
15-01-2023 14:12:43 - INFO - Weather in Baku: 5.03°C - overcast clouds
15-01-2023 16:22:44 - INFO - Weather in Baku: 5.03°C - drizzle
15-01-2023 18:10:53 - INFO - Weather in Baku: 5.03°C - drizzle
15-01-2023 20:16:27 - INFO - Weather in Baku: 5.03°C - light intensity drizzle
15-01-2023 22:14:55 - INFO - Weather in Baku: 6.03°C - overcast clouds
16-01-2023 00:12:31 - INFO - Weather in Baku: 5.03°C - overcast clouds
16-01-2023 02:11:57 - INFO - Weather in Baku: 5.03°C - overcast clouds
16-01-2023 05:06:03 - INFO - Weather in Baku: 5.03°C - mist
16-01-2023 06:40:40 - INFO - Weather in Baku: 5.03°C - mist
16-01-2023 08:16:36 - INFO - Weather in Baku: 5.03°C - mist
16-01-2023 10:17:32 - INFO - Weather in Baku: 6.03°C - broken clouds
16-01-2023 12:17:37 - INFO - Weather in Baku: 7.03°C - broken clouds
16-01-2023 14:14:38 - INFO - Weather in Baku: 8.03°C - scattered clouds
16-01-2023 16:26:46 - INFO - Weather in Baku: 8.03°C - clear sky
16-01-2023 18:12:40 - INFO - Weather in Baku: 6.03°C - broken clouds
16-01-2023 20:17:57 - INFO - Weather in Baku: 6.03°C - broken clouds
16-01-2023 22:16:01 - INFO - Weather in Baku: 7.03°C - broken clouds
17-01-2023 00:13:21 - INFO - Weather in Baku: 6.03°C - broken clouds
17-01-2023 02:12:14 - INFO - Weather in Baku: 7.03°C - overcast clouds
17-01-2023 05:06:06 - INFO - Weather in Baku: 7.03°C - overcast clouds
17-01-2023 06:38:02 - INFO - Weather in Baku: 7.03°C - overcast clouds
17-01-2023 08:16:02 - INFO - Weather in Baku: 8.03°C - clear sky
17-01-2023 10:16:22 - INFO - Weather in Baku: 8.03°C - overcast clouds
17-01-2023 12:17:20 - INFO - Weather in Baku: 9.03°C - overcast clouds
17-01-2023 14:14:14 - INFO - Weather in Baku: 10.03°C - overcast clouds
17-01-2023 16:27:51 - INFO - Weather in Baku: 8.42°C - broken clouds
17-01-2023 18:12:08 - INFO - Weather in Baku: 9.03°C - scattered clouds
17-01-2023 20:17:56 - INFO - Weather in Baku: 8.03°C - scattered clouds
17-01-2023 22:16:22 - INFO - Weather in Baku: 6.03°C - clear sky
18-01-2023 00:12:50 - INFO - Weather in Baku: 5.03°C - mist
18-01-2023 02:12:44 - INFO - Weather in Baku: 5.03°C - mist
18-01-2023 05:10:09 - INFO - Weather in Baku: 2.03°C - fog
18-01-2023 06:42:05 - INFO - Weather in Baku: 4.03°C - fog
18-01-2023 08:16:23 - INFO - Weather in Baku: 1.03°C - fog
18-01-2023 10:17:31 - INFO - Weather in Baku: 7.03°C - mist
18-01-2023 12:17:14 - INFO - Weather in Baku: 8.03°C - broken clouds
18-01-2023 14:14:36 - INFO - Weather in Baku: 9.03°C - overcast clouds
18-01-2023 16:25:26 - INFO - Weather in Baku: 9.03°C - overcast clouds
18-01-2023 18:12:17 - INFO - Weather in Baku: 9.03°C - overcast clouds
18-01-2023 20:18:11 - INFO - Weather in Baku: 8.03°C - overcast clouds
18-01-2023 22:15:58 - INFO - Weather in Baku: 8.03°C - overcast clouds
19-01-2023 00:13:06 - INFO - Weather in Baku: 8.03°C - overcast clouds
19-01-2023 02:12:40 - INFO - Weather in Baku: 8.03°C - overcast clouds
19-01-2023 05:08:31 - INFO - Weather in Baku: 8.03°C - overcast clouds
19-01-2023 06:44:08 - INFO - Weather in Baku: 8.03°C - overcast clouds
19-01-2023 08:17:07 - INFO - Weather in Baku: 7.03°C - mist
19-01-2023 10:16:58 - INFO - Weather in Baku: 7.03°C - overcast clouds
19-01-2023 12:17:34 - INFO - Weather in Baku: 8.03°C - overcast clouds
19-01-2023 14:14:29 - INFO - Weather in Baku: 8.03°C - overcast clouds
19-01-2023 16:26:11 - INFO - Weather in Baku: 9.03°C - clear sky
19-01-2023 18:13:02 - INFO - Weather in Baku: 7.03°C - scattered clouds
19-01-2023 20:18:36 - INFO - Weather in Baku: 7.03°C - broken clouds
19-01-2023 22:16:42 - INFO - Weather in Baku: 6.03°C - broken clouds
20-01-2023 00:14:06 - INFO - Weather in Baku: 6.03°C - broken clouds
20-01-2023 02:12:57 - INFO - Weather in Baku: 6.03°C - broken clouds
20-01-2023 05:07:55 - INFO - Weather in Baku: 7.03°C - mist
20-01-2023 07:00:59 - INFO - Weather in Baku: 6.03°C - mist
20-01-2023 08:16:29 - INFO - Weather in Baku: 7.03°C - overcast clouds
20-01-2023 10:17:08 - INFO - Weather in Baku: 8.03°C - broken clouds
20-01-2023 12:17:09 - INFO - Weather in Baku: 10.03°C - broken clouds
20-01-2023 14:14:46 - INFO - Weather in Baku: 11.03°C - scattered clouds
20-01-2023 16:26:42 - INFO - Weather in Baku: 11.03°C - scattered clouds
20-01-2023 18:12:30 - INFO - Weather in Baku: 8.03°C - few clouds
20-01-2023 20:18:20 - INFO - Weather in Baku: 8.03°C - broken clouds
20-01-2023 22:16:22 - INFO - Weather in Baku: 8.03°C - overcast clouds
21-01-2023 00:13:48 - INFO - Weather in Baku: 8.03°C - clear sky
21-01-2023 02:12:38 - INFO - Weather in Baku: 8.03°C - overcast clouds
21-01-2023 05:06:28 - INFO - Weather in Baku: 8.03°C - light rain
21-01-2023 06:36:13 - INFO - Weather in Baku: 8.03°C - clear sky
21-01-2023 08:15:23 - INFO - Weather in Baku: 8.03°C - clear sky
21-01-2023 10:15:31 - INFO - Weather in Baku: 9.03°C - clear sky
21-01-2023 12:15:51 - INFO - Weather in Baku: 9.03°C - clear sky
21-01-2023 14:12:44 - INFO - Weather in Baku: 9.03°C - scattered clouds
21-01-2023 16:22:52 - INFO - Weather in Baku: 9.03°C - few clouds
21-01-2023 18:10:54 - INFO - Weather in Baku: 7.03°C - clear sky
21-01-2023 20:16:38 - INFO - Weather in Baku: 6.03°C - clear sky
21-01-2023 22:14:57 - INFO - Weather in Baku: 6.03°C - scattered clouds
22-01-2023 00:12:41 - INFO - Weather in Baku: 4.03°C - few clouds
22-01-2023 02:11:27 - INFO - Weather in Baku: 5.03°C - clear sky
22-01-2023 05:09:45 - INFO - Weather in Baku: 4.03°C - clear sky
22-01-2023 06:42:06 - INFO - Weather in Baku: 2.03°C - broken clouds
22-01-2023 08:15:25 - INFO - Weather in Baku: 3.03°C - clear sky
22-01-2023 10:15:43 - INFO - Weather in Baku: 6.03°C - clear sky
22-01-2023 12:16:00 - INFO - Weather in Baku: 8.03°C - clear sky
22-01-2023 14:12:33 - INFO - Weather in Baku: 8.03°C - clear sky
22-01-2023 16:23:08 - INFO - Weather in Baku: 7.03°C - clear sky
22-01-2023 18:10:40 - INFO - Weather in Baku: 5.03°C - clear sky
